Open5GS daemon v2.7.6-78-g47d0062

11/03 23:38:37.045: [app] INFO: Configuration: '/open5gs/install/etc/open5gs/scp.yaml' (../lib/app/ogs-init.c:144)
11/03 23:38:37.045: [app] INFO: File Logging: '/open5gs/install/var/log/open5gs/scp.log' (../lib/app/ogs-init.c:147)
11/03 23:38:37.049: [sbi] INFO: Setup NF EndPoint(addr) [172.22.0.12:7777] (../lib/sbi/context.c:459)
11/03 23:38:37.049: [sbi] INFO: nghttp2_server() [http://172.22.0.35]:7777 (../lib/sbi/nghttp2-server.c:439)
11/03 23:38:37.049: [app] INFO: SCP initialize...done (../src/scp/app.c:31)
11/03 23:38:37.051: [sbi] INFO: [d65701b6-b905-41f0-9a39-f723faeba9e6] NF registered [Heartbeat:10s] (../lib/sbi/nf-sm.c:295)
11/03 23:38:37.056: [sbi] INFO: Setup NF EndPoint(addr) [172.22.0.12:7777] (../lib/sbi/nnrf-handler.c:955)
11/03 23:38:37.056: [sbi] INFO: [d65787e4-b905-41f0-9c1d-f9d1038fbf14] Subscription created until 2025-11-04T23:38:37.052159+01:00 [duration:86400000000,validity:86400.000000,patch:43200.000000] (../lib/sbi/nnrf-handler.c:874)
11/03 23:38:37.106: [sbi] INFO: Setup NF EndPoint(addr) [172.22.0.12:7777] (../lib/sbi/nnrf-handler.c:955)
11/03 23:38:37.106: [sbi] INFO: [d65f3ab6-b905-41f0-9c1d-f9d1038fbf14] Subscription created until 2025-11-04T23:38:37.102589+01:00 [duration:86400000000,validity:86400.000000,patch:43200.000000] (../lib/sbi/nnrf-handler.c:874)
11/03 23:38:37.106: [sbi] INFO: Setup NF EndPoint(addr) [172.22.0.12:7777] (../lib/sbi/nnrf-handler.c:955)
11/03 23:38:37.106: [sbi] INFO: [d65f3dc2-b905-41f0-9c1d-f9d1038fbf14] Subscription created until 2025-11-04T23:38:37.102643+01:00 [duration:86400000000,validity:86400.000000,patch:43200.000000] (../lib/sbi/nnrf-handler.c:874)
11/03 23:38:37.106: [sbi] INFO: Setup NF EndPoint(addr) [172.22.0.12:7777] (../lib/sbi/nnrf-handler.c:955)
11/03 23:38:37.106: [sbi] INFO: [d65f3f02-b905-41f0-9c1d-f9d1038fbf14] Subscription created until 2025-11-04T23:38:37.102673+01:00 [duration:86400000000,validity:86400.000000,patch:43200.000000] (../lib/sbi/nnrf-handler.c:874)
11/03 23:38:37.106: [sbi] INFO: Setup NF EndPoint(addr) [172.22.0.12:7777] (../lib/sbi/nnrf-handler.c:955)
11/03 23:38:37.106: [sbi] INFO: [d65f3ff2-b905-41f0-9c1d-f9d1038fbf14] Subscription created until 2025-11-04T23:38:37.102698+01:00 [duration:86400000000,validity:86400.000000,patch:43200.000000] (../lib/sbi/nnrf-handler.c:874)
11/03 23:38:37.106: [sbi] INFO: Setup NF EndPoint(addr) [172.22.0.12:7777] (../lib/sbi/nnrf-handler.c:955)
11/03 23:38:37.106: [sbi] INFO: [d65f40e2-b905-41f0-9c1d-f9d1038fbf14] Subscription created until 2025-11-04T23:38:37.102721+01:00 [duration:86400000000,validity:86400.000000,patch:43200.000000] (../lib/sbi/nnrf-handler.c:874)
11/03 23:38:37.106: [sbi] INFO: Setup NF EndPoint(addr) [172.22.0.12:7777] (../lib/sbi/nnrf-handler.c:955)
11/03 23:38:37.106: [sbi] INFO: [d65f41c8-b905-41f0-9c1d-f9d1038fbf14] Subscription created until 2025-11-04T23:38:37.102744+01:00 [duration:86400000000,validity:86400.000000,patch:43200.000000] (../lib/sbi/nnrf-handler.c:874)
11/03 23:38:37.107: [sbi] INFO: Setup NF EndPoint(addr) [172.22.0.12:7777] (../lib/sbi/nnrf-handler.c:955)
11/03 23:38:37.107: [sbi] INFO: [d65f42b8-b905-41f0-9c1d-f9d1038fbf14] Subscription created until 2025-11-04T23:38:37.102768+01:00 [duration:86400000000,validity:86400.000000,patch:43200.000000] (../lib/sbi/nnrf-handler.c:874)
11/03 23:38:37.107: [sbi] INFO: Setup NF EndPoint(addr) [172.22.0.12:7777] (../lib/sbi/nnrf-handler.c:955)
11/03 23:38:37.107: [sbi] INFO: [d65f4394-b905-41f0-9c1d-f9d1038fbf14] Subscription created until 2025-11-04T23:38:37.102790+01:00 [duration:86400000000,validity:86400.000000,patch:43200.000000] (../lib/sbi/nnrf-handler.c:874)
11/03 23:38:37.343: [sbi] INFO: [d683310a-b905-41f0-8c1f-39f83fa5c2dc] (NRF-notify) NF registered (../lib/sbi/nnrf-handler.c:1140)
11/03 23:38:37.343: [sbi] INFO: [d683310a-b905-41f0-8c1f-39f83fa5c2dc] (NRF-notify) NF Profile updated [type:UDM] (../lib/sbi/nnrf-handler.c:1154)
11/03 23:38:37.343: [sbi] INFO: Setup NF EndPoint(addr) [172.22.0.13:80] (../lib/sbi/context.c:2399)
11/03 23:38:37.343: [sbi] INFO: Setup NF EndPoint(addr) [172.22.0.13:7777] (../lib/sbi/context.c:2116)
11/03 23:38:37.343: [sbi] INFO: Setup NF EndPoint(addr) [172.22.0.13:7777] (../lib/sbi/context.c:2116)
11/03 23:38:37.343: [sbi] INFO: Setup NF EndPoint(addr) [172.22.0.13:7777] (../lib/sbi/context.c:2116)
11/03 23:38:37.409: [sbi] INFO: [d68deac8-b905-41f0-8ab2-37d5c741091d] (NRF-notify) NF registered (../lib/sbi/nnrf-handler.c:1140)
11/03 23:38:37.409: [sbi] INFO: [d68deac8-b905-41f0-8ab2-37d5c741091d] (NRF-notify) NF Profile updated [type:AUSF] (../lib/sbi/nnrf-handler.c:1154)
11/03 23:38:37.409: [sbi] INFO: Setup NF EndPoint(addr) [172.22.0.11:80] (../lib/sbi/context.c:2399)
11/03 23:38:37.409: [sbi] INFO: Setup NF EndPoint(addr) [172.22.0.11:7777] (../lib/sbi/context.c:2116)
11/03 23:38:37.410: [sbi] INFO: [d68dfb1c-b905-41f0-b16d-13a22332ffaf] (NRF-notify) NF registered (../lib/sbi/nnrf-handler.c:1140)
11/03 23:38:37.410: [sbi] INFO: [d68dfb1c-b905-41f0-b16d-13a22332ffaf] (NRF-notify) NF Profile updated [type:NSSF] (../lib/sbi/nnrf-handler.c:1154)
11/03 23:38:37.410: [sbi] INFO: Setup NF EndPoint(addr) [172.22.0.28:80] (../lib/sbi/context.c:2399)
11/03 23:38:37.410: [sbi] INFO: Setup NF EndPoint(addr) [172.22.0.28:7777] (../lib/sbi/context.c:2116)
11/03 23:38:37.590: [sbi] INFO: [d6a76494-b905-41f0-94bc-eb46ed969775] (NRF-notify) NF registered (../lib/sbi/nnrf-handler.c:1140)
11/03 23:38:37.590: [sbi] INFO: [d6a76494-b905-41f0-94bc-eb46ed969775] (NRF-notify) NF Profile updated [type:AMF] (../lib/sbi/nnrf-handler.c:1154)
11/03 23:38:37.591: [sbi] INFO: Setup NF EndPoint(addr) [172.22.0.10:80] (../lib/sbi/context.c:2399)
11/03 23:38:37.591: [sbi] INFO: Setup NF EndPoint(addr) [172.22.0.10:7777] (../lib/sbi/context.c:2116)
11/03 23:38:38.271: [sbi] INFO: [d701ea04-b905-41f0-9bf9-e5f7b2297757] (NRF-notify) NF registered (../lib/sbi/nnrf-handler.c:1140)
11/03 23:38:38.271: [sbi] INFO: [d701ea04-b905-41f0-9bf9-e5f7b2297757] (NRF-notify) NF Profile updated [type:SMF] (../lib/sbi/nnrf-handler.c:1154)
11/03 23:38:38.271: [sbi] INFO: Setup NF EndPoint(addr) [172.22.0.7:80] (../lib/sbi/context.c:2399)
11/03 23:38:38.271: [sbi] INFO: Setup NF EndPoint(addr) [172.22.0.7:7777] (../lib/sbi/context.c:2116)
11/03 23:38:38.271: [scp] INFO: Setup NF EndPoint(addr) [172.22.0.10:7777] (../src/scp/sbi-path.c:463)
11/03 23:38:47.273: [scp] INFO: Setup NF EndPoint(addr) [172.22.0.13:7777] (../src/scp/sbi-path.c:463)
11/03 23:38:47.274: [sbi] INFO: [dc6e6f1c-b905-41f0-b33e-fbc91ded0aac] (NRF-notify) NF registered (../lib/sbi/nnrf-handler.c:1140)
11/03 23:38:47.274: [sbi] INFO: [dc6e6f1c-b905-41f0-b33e-fbc91ded0aac] (NRF-notify) NF Profile updated [type:UDR] (../lib/sbi/nnrf-handler.c:1154)
11/03 23:38:47.274: [sbi] INFO: Setup NF EndPoint(addr) [172.22.0.14:80] (../lib/sbi/context.c:2399)
11/03 23:38:47.274: [sbi] INFO: Setup NF EndPoint(addr) [172.22.0.14:7777] (../lib/sbi/context.c:2116)
11/03 23:38:47.280: [scp] INFO: Setup NF EndPoint(addr) [172.22.0.10:7777] (../src/scp/sbi-path.c:463)
11/03 23:38:47.280: [scp] INFO: Setup NF EndPoint(addr) [172.22.0.7:7777] (../src/scp/sbi-path.c:463)
11/03 23:38:47.280: [sbi] INFO: [dc6f6a70-b905-41f0-a99d-01b7b5bc11d3] (NRF-notify) NF registered (../lib/sbi/nnrf-handler.c:1140)
11/03 23:38:47.280: [sbi] INFO: [dc6f6a70-b905-41f0-a99d-01b7b5bc11d3] (NRF-notify) NF Profile updated [type:PCF] (../lib/sbi/nnrf-handler.c:1154)
11/03 23:38:47.280: [sbi] INFO: Setup NF EndPoint(addr) [172.22.0.27:80] (../lib/sbi/context.c:2399)
11/03 23:38:47.280: [sbi] INFO: Setup NF EndPoint(addr) [172.22.0.27:7777] (../lib/sbi/context.c:2116)
11/03 23:38:47.280: [sbi] INFO: Setup NF EndPoint(addr) [172.22.0.27:7777] (../lib/sbi/context.c:2116)
11/03 23:38:47.280: [sbi] INFO: Setup NF EndPoint(addr) [172.22.0.27:7777] (../lib/sbi/context.c:2116)
11/03 23:38:47.431: [scp] INFO: Setup NF EndPoint(addr) [172.22.0.27:7777] (../src/scp/sbi-path.c:463)
11/03 23:38:47.431: [sbi] INFO: [dc8705e0-b905-41f0-9d1d-738ee3f6760e] (NRF-notify) NF registered (../lib/sbi/nnrf-handler.c:1140)
11/03 23:38:47.431: [sbi] INFO: [dc8705e0-b905-41f0-9d1d-738ee3f6760e] (NRF-notify) NF Profile updated [type:BSF] (../lib/sbi/nnrf-handler.c:1154)
11/03 23:38:47.431: [sbi] INFO: Setup NF EndPoint(addr) [172.22.0.29:80] (../lib/sbi/context.c:2399)
11/03 23:38:47.431: [sbi] INFO: Setup NF EndPoint(addr) [172.22.0.29:7777] (../lib/sbi/context.c:2116)
11/04 00:43:42.011: [sbi] INFO: [d68dfb1c-b905-41f0-b16d-13a22332ffaf] (NRF-notify) NF_DEREGISTERED event [type:NSSF] (../lib/sbi/nnrf-handler.c:1172)
11/04 00:43:42.011: [scp] INFO: Setup NF EndPoint(addr) [172.22.0.10:7777] (../src/scp/sbi-path.c:463)
11/04 00:43:50.505: [sbi] INFO: [d701ea04-b905-41f0-9bf9-e5f7b2297757] (NRF-notify) NF_DEREGISTERED event [type:SMF] (../lib/sbi/nnrf-handler.c:1172)
11/04 00:43:50.505: [scp] INFO: Setup NF EndPoint(addr) [172.22.0.10:7777] (../src/scp/sbi-path.c:463)
11/04 00:43:59.841: [sbi] INFO: [d6a76494-b905-41f0-94bc-eb46ed969775] (NRF-notify) NF_DEREGISTERED event [type:AMF] (../lib/sbi/nnrf-handler.c:1172)
11/04 00:44:10.072: [sbi] INFO: [dc6f6a70-b905-41f0-a99d-01b7b5bc11d3] (NRF-notify) NF_DEREGISTERED event [type:PCF] (../lib/sbi/nnrf-handler.c:1172)
11/04 00:44:12.017: [sbi] INFO: [d683310a-b905-41f0-8c1f-39f83fa5c2dc] (NRF-notify) NF_DEREGISTERED event [type:UDM] (../lib/sbi/nnrf-handler.c:1172)
11/04 00:44:12.017: [scp] INFO: Setup NF EndPoint(addr) [172.22.0.11:7777] (../src/scp/sbi-path.c:463)
11/04 00:44:12.020: [sbi] INFO: [dc8705e0-b905-41f0-9d1d-738ee3f6760e] (NRF-notify) NF_DEREGISTERED event [type:BSF] (../lib/sbi/nnrf-handler.c:1172)
11/04 00:44:12.021: [sbi] INFO: [dc6e6f1c-b905-41f0-b33e-fbc91ded0aac] (NRF-notify) NF_DEREGISTERED event [type:UDR] (../lib/sbi/nnrf-handler.c:1172)
11/04 00:44:12.066: [sbi] INFO: [d68deac8-b905-41f0-8ab2-37d5c741091d] (NRF-notify) NF_DEREGISTERED event [type:AUSF] (../lib/sbi/nnrf-handler.c:1172)
Open5GS daemon v2.7.6-78-g47d0062

11/04 00:58:08.800: [app] INFO: Configuration: '/open5gs/install/etc/open5gs/scp.yaml' (../lib/app/ogs-init.c:144)
11/04 00:58:08.800: [app] INFO: File Logging: '/open5gs/install/var/log/open5gs/scp.log' (../lib/app/ogs-init.c:147)
11/04 00:58:08.810: [sbi] INFO: Setup NF EndPoint(addr) [10.42.0.100:7777] (../lib/sbi/context.c:459)
11/04 00:58:08.812: [sock] ERROR: socket bind(2) [10.42.0.100]:7777 failed (99:Cannot assign requested address) (../lib/core/ogs-socket.c:114)
11/04 00:58:08.812: [sock] ERROR: tcp_server() [10.42.0.100]:7777 failed (99:Cannot assign requested address) (../lib/core/ogs-tcp.c:72)
11/04 00:58:08.812: [sbi] ERROR: Cannot start SBI server (../lib/sbi/nghttp2-server.c:414)
11/04 00:58:08.812: [app] ERROR: Failed to initialize SCP (../src/scp/app.c:28)
11/04 00:58:08.812: [app] FATAL: Open5GS initialization failed. Aborted (../src/main.c:224)
Open5GS daemon v2.7.6-78-g47d0062

11/09 21:00:55.966: [app] INFO: Configuration: '/open5gs/install/etc/open5gs/scp.yaml' (../lib/app/ogs-init.c:144)
11/09 21:00:55.966: [app] INFO: File Logging: '/open5gs/install/var/log/open5gs/scp.log' (../lib/app/ogs-init.c:147)
11/09 21:00:55.967: [sbi] INFO: Setup NF EndPoint(addr) [10.42.0.100:7777] (../lib/sbi/context.c:459)
11/09 21:00:55.968: [sbi] INFO: nghttp2_server() [http://10.42.0.100]:7777 (../lib/sbi/nghttp2-server.c:439)
11/09 21:00:55.968: [app] INFO: SCP initialize...done (../src/scp/app.c:31)
11/09 21:00:55.968: [scp] ERROR: Invalid resource name [nf-instances] (../src/scp/scp-sm.c:121)
11/09 21:00:55.969: [sbi] ERROR: [cd930f02-bda6-41f0-a6f9-99d0be1477b5] HTTP Response Status Code [400] (../lib/sbi/nf-sm.c:232)
11/09 21:00:57.971: [sbi] WARNING: [cd930f02-bda6-41f0-a6f9-99d0be1477b5] Retry registration with NRF (../lib/sbi/nf-sm.c:529)
11/09 21:00:57.972: [scp] ERROR: Invalid resource name [nf-instances] (../src/scp/scp-sm.c:121)
11/09 21:00:57.972: [sbi] ERROR: [cd930f02-bda6-41f0-a6f9-99d0be1477b5] HTTP Response Status Code [400] (../lib/sbi/nf-sm.c:232)
11/09 21:00:59.982: [sbi] WARNING: [cd930f02-bda6-41f0-a6f9-99d0be1477b5] Retry registration with NRF (../lib/sbi/nf-sm.c:529)
11/09 21:00:59.983: [scp] ERROR: Invalid resource name [nf-instances] (../src/scp/scp-sm.c:121)
11/09 21:00:59.983: [sbi] ERROR: [cd930f02-bda6-41f0-a6f9-99d0be1477b5] HTTP Response Status Code [400] (../lib/sbi/nf-sm.c:232)
11/09 21:01:01.991: [sbi] WARNING: [cd930f02-bda6-41f0-a6f9-99d0be1477b5] Retry registration with NRF (../lib/sbi/nf-sm.c:529)
11/09 21:01:01.993: [scp] ERROR: Invalid resource name [nf-instances] (../src/scp/scp-sm.c:121)
11/09 21:01:01.994: [sbi] ERROR: [cd930f02-bda6-41f0-a6f9-99d0be1477b5] HTTP Response Status Code [400] (../lib/sbi/nf-sm.c:232)
11/09 21:01:04.003: [sbi] WARNING: [cd930f02-bda6-41f0-a6f9-99d0be1477b5] Retry registration with NRF (../lib/sbi/nf-sm.c:529)
11/09 21:01:04.005: [scp] ERROR: Invalid resource name [nf-instances] (../src/scp/scp-sm.c:121)
11/09 21:01:04.005: [sbi] ERROR: [cd930f02-bda6-41f0-a6f9-99d0be1477b5] HTTP Response Status Code [400] (../lib/sbi/nf-sm.c:232)
11/09 21:01:06.011: [sbi] WARNING: [cd930f02-bda6-41f0-a6f9-99d0be1477b5] Retry registration with NRF (../lib/sbi/nf-sm.c:529)
11/09 21:01:06.012: [scp] ERROR: Invalid resource name [nf-instances] (../src/scp/scp-sm.c:121)
11/09 21:01:06.013: [sbi] ERROR: [cd930f02-bda6-41f0-a6f9-99d0be1477b5] HTTP Response Status Code [400] (../lib/sbi/nf-sm.c:232)
11/09 21:01:08.024: [sbi] WARNING: [cd930f02-bda6-41f0-a6f9-99d0be1477b5] Retry registration with NRF (../lib/sbi/nf-sm.c:529)
11/09 21:01:08.025: [scp] ERROR: Invalid resource name [nf-instances] (../src/scp/scp-sm.c:121)
11/09 21:01:08.026: [sbi] ERROR: [cd930f02-bda6-41f0-a6f9-99d0be1477b5] HTTP Response Status Code [400] (../lib/sbi/nf-sm.c:232)
11/09 21:01:10.033: [sbi] WARNING: [cd930f02-bda6-41f0-a6f9-99d0be1477b5] Retry registration with NRF (../lib/sbi/nf-sm.c:529)
11/09 21:01:10.034: [scp] ERROR: Invalid resource name [nf-instances] (../src/scp/scp-sm.c:121)
11/09 21:01:10.035: [sbi] ERROR: [cd930f02-bda6-41f0-a6f9-99d0be1477b5] HTTP Response Status Code [400] (../lib/sbi/nf-sm.c:232)
11/09 21:01:12.041: [sbi] WARNING: [cd930f02-bda6-41f0-a6f9-99d0be1477b5] Retry registration with NRF (../lib/sbi/nf-sm.c:529)
11/09 21:01:12.043: [scp] ERROR: Invalid resource name [nf-instances] (../src/scp/scp-sm.c:121)
11/09 21:01:12.043: [sbi] ERROR: [cd930f02-bda6-41f0-a6f9-99d0be1477b5] HTTP Response Status Code [400] (../lib/sbi/nf-sm.c:232)
11/09 21:01:14.053: [sbi] WARNING: [cd930f02-bda6-41f0-a6f9-99d0be1477b5] Retry registration with NRF (../lib/sbi/nf-sm.c:529)
11/09 21:01:14.055: [scp] ERROR: Invalid resource name [nf-instances] (../src/scp/scp-sm.c:121)
11/09 21:01:14.055: [sbi] ERROR: [cd930f02-bda6-41f0-a6f9-99d0be1477b5] HTTP Response Status Code [400] (../lib/sbi/nf-sm.c:232)
11/09 21:01:16.066: [sbi] WARNING: [cd930f02-bda6-41f0-a6f9-99d0be1477b5] Retry registration with NRF (../lib/sbi/nf-sm.c:529)
11/09 21:01:16.068: [scp] ERROR: Invalid resource name [nf-instances] (../src/scp/scp-sm.c:121)
11/09 21:01:16.068: [sbi] ERROR: [cd930f02-bda6-41f0-a6f9-99d0be1477b5] HTTP Response Status Code [400] (../lib/sbi/nf-sm.c:232)
11/09 21:01:18.078: [sbi] WARNING: [cd930f02-bda6-41f0-a6f9-99d0be1477b5] Retry registration with NRF (../lib/sbi/nf-sm.c:529)
11/09 21:01:18.080: [scp] ERROR: Invalid resource name [nf-instances] (../src/scp/scp-sm.c:121)
11/09 21:01:18.081: [sbi] ERROR: [cd930f02-bda6-41f0-a6f9-99d0be1477b5] HTTP Response Status Code [400] (../lib/sbi/nf-sm.c:232)
11/09 21:01:20.086: [sbi] WARNING: [cd930f02-bda6-41f0-a6f9-99d0be1477b5] Retry registration with NRF (../lib/sbi/nf-sm.c:529)
11/09 21:01:20.087: [scp] ERROR: Invalid resource name [nf-instances] (../src/scp/scp-sm.c:121)
11/09 21:01:20.088: [sbi] ERROR: [cd930f02-bda6-41f0-a6f9-99d0be1477b5] HTTP Response Status Code [400] (../lib/sbi/nf-sm.c:232)
11/09 21:01:22.091: [sbi] WARNING: [cd930f02-bda6-41f0-a6f9-99d0be1477b5] Retry registration with NRF (../lib/sbi/nf-sm.c:529)
11/09 21:01:22.093: [scp] ERROR: Invalid resource name [nf-instances] (../src/scp/scp-sm.c:121)
11/09 21:01:22.093: [sbi] ERROR: [cd930f02-bda6-41f0-a6f9-99d0be1477b5] HTTP Response Status Code [400] (../lib/sbi/nf-sm.c:232)
11/09 21:01:24.095: [sbi] WARNING: [cd930f02-bda6-41f0-a6f9-99d0be1477b5] Retry registration with NRF (../lib/sbi/nf-sm.c:529)
11/09 21:01:24.097: [scp] ERROR: Invalid resource name [nf-instances] (../src/scp/scp-sm.c:121)
11/09 21:01:24.097: [sbi] ERROR: [cd930f02-bda6-41f0-a6f9-99d0be1477b5] HTTP Response Status Code [400] (../lib/sbi/nf-sm.c:232)
11/09 21:01:26.103: [sbi] WARNING: [cd930f02-bda6-41f0-a6f9-99d0be1477b5] Retry registration with NRF (../lib/sbi/nf-sm.c:529)
11/09 21:01:26.105: [scp] ERROR: Invalid resource name [nf-instances] (../src/scp/scp-sm.c:121)
11/09 21:01:26.106: [sbi] ERROR: [cd930f02-bda6-41f0-a6f9-99d0be1477b5] HTTP Response Status Code [400] (../lib/sbi/nf-sm.c:232)
11/09 21:01:28.110: [sbi] WARNING: [cd930f02-bda6-41f0-a6f9-99d0be1477b5] Retry registration with NRF (../lib/sbi/nf-sm.c:529)
11/09 21:01:28.112: [scp] ERROR: Invalid resource name [nf-instances] (../src/scp/scp-sm.c:121)
11/09 21:01:28.112: [sbi] ERROR: [cd930f02-bda6-41f0-a6f9-99d0be1477b5] HTTP Response Status Code [400] (../lib/sbi/nf-sm.c:232)
11/09 21:01:30.116: [sbi] WARNING: [cd930f02-bda6-41f0-a6f9-99d0be1477b5] Retry registration with NRF (../lib/sbi/nf-sm.c:529)
11/09 21:01:30.117: [scp] ERROR: Invalid resource name [nf-instances] (../src/scp/scp-sm.c:121)
11/09 21:01:30.118: [sbi] ERROR: [cd930f02-bda6-41f0-a6f9-99d0be1477b5] HTTP Response Status Code [400] (../lib/sbi/nf-sm.c:232)
11/09 21:01:32.122: [sbi] WARNING: [cd930f02-bda6-41f0-a6f9-99d0be1477b5] Retry registration with NRF (../lib/sbi/nf-sm.c:529)
11/09 21:01:32.122: [scp] ERROR: Invalid resource name [nf-instances] (../src/scp/scp-sm.c:121)
11/09 21:01:32.122: [sbi] ERROR: [cd930f02-bda6-41f0-a6f9-99d0be1477b5] HTTP Response Status Code [400] (../lib/sbi/nf-sm.c:232)
11/09 21:01:34.126: [sbi] WARNING: [cd930f02-bda6-41f0-a6f9-99d0be1477b5] Retry registration with NRF (../lib/sbi/nf-sm.c:529)
11/09 21:01:34.128: [scp] ERROR: Invalid resource name [nf-instances] (../src/scp/scp-sm.c:121)
11/09 21:01:34.129: [sbi] ERROR: [cd930f02-bda6-41f0-a6f9-99d0be1477b5] HTTP Response Status Code [400] (../lib/sbi/nf-sm.c:232)
11/09 21:01:36.132: [sbi] WARNING: [cd930f02-bda6-41f0-a6f9-99d0be1477b5] Retry registration with NRF (../lib/sbi/nf-sm.c:529)
11/09 21:01:36.133: [scp] ERROR: Invalid resource name [nf-instances] (../src/scp/scp-sm.c:121)
11/09 21:01:36.133: [sbi] ERROR: [cd930f02-bda6-41f0-a6f9-99d0be1477b5] HTTP Response Status Code [400] (../lib/sbi/nf-sm.c:232)
11/09 21:01:38.143: [sbi] WARNING: [cd930f02-bda6-41f0-a6f9-99d0be1477b5] Retry registration with NRF (../lib/sbi/nf-sm.c:529)
11/09 21:01:38.145: [scp] ERROR: Invalid resource name [nf-instances] (../src/scp/scp-sm.c:121)
11/09 21:01:38.145: [sbi] ERROR: [cd930f02-bda6-41f0-a6f9-99d0be1477b5] HTTP Response Status Code [400] (../lib/sbi/nf-sm.c:232)
11/09 21:01:40.155: [sbi] WARNING: [cd930f02-bda6-41f0-a6f9-99d0be1477b5] Retry registration with NRF (../lib/sbi/nf-sm.c:529)
11/09 21:01:40.156: [scp] ERROR: Invalid resource name [nf-instances] (../src/scp/scp-sm.c:121)
11/09 21:01:40.156: [sbi] ERROR: [cd930f02-bda6-41f0-a6f9-99d0be1477b5] HTTP Response Status Code [400] (../lib/sbi/nf-sm.c:232)
11/09 21:01:42.164: [sbi] WARNING: [cd930f02-bda6-41f0-a6f9-99d0be1477b5] Retry registration with NRF (../lib/sbi/nf-sm.c:529)
11/09 21:01:42.166: [scp] ERROR: Invalid resource name [nf-instances] (../src/scp/scp-sm.c:121)
11/09 21:01:42.166: [sbi] ERROR: [cd930f02-bda6-41f0-a6f9-99d0be1477b5] HTTP Response Status Code [400] (../lib/sbi/nf-sm.c:232)
11/09 21:01:44.175: [sbi] WARNING: [cd930f02-bda6-41f0-a6f9-99d0be1477b5] Retry registration with NRF (../lib/sbi/nf-sm.c:529)
11/09 21:01:44.176: [scp] ERROR: Invalid resource name [nf-instances] (../src/scp/scp-sm.c:121)
11/09 21:01:44.176: [sbi] ERROR: [cd930f02-bda6-41f0-a6f9-99d0be1477b5] HTTP Response Status Code [400] (../lib/sbi/nf-sm.c:232)
11/09 21:01:46.177: [sbi] WARNING: [cd930f02-bda6-41f0-a6f9-99d0be1477b5] Retry registration with NRF (../lib/sbi/nf-sm.c:529)
11/09 21:01:46.179: [scp] ERROR: Invalid resource name [nf-instances] (../src/scp/scp-sm.c:121)
11/09 21:01:46.179: [sbi] ERROR: [cd930f02-bda6-41f0-a6f9-99d0be1477b5] HTTP Response Status Code [400] (../lib/sbi/nf-sm.c:232)
11/09 21:01:48.183: [sbi] WARNING: [cd930f02-bda6-41f0-a6f9-99d0be1477b5] Retry registration with NRF (../lib/sbi/nf-sm.c:529)
11/09 21:01:48.184: [scp] ERROR: Invalid resource name [nf-instances] (../src/scp/scp-sm.c:121)
11/09 21:01:48.185: [sbi] ERROR: [cd930f02-bda6-41f0-a6f9-99d0be1477b5] HTTP Response Status Code [400] (../lib/sbi/nf-sm.c:232)
11/09 21:01:50.196: [sbi] WARNING: [cd930f02-bda6-41f0-a6f9-99d0be1477b5] Retry registration with NRF (../lib/sbi/nf-sm.c:529)
11/09 21:01:50.197: [scp] ERROR: Invalid resource name [nf-instances] (../src/scp/scp-sm.c:121)
11/09 21:01:50.197: [sbi] ERROR: [cd930f02-bda6-41f0-a6f9-99d0be1477b5] HTTP Response Status Code [400] (../lib/sbi/nf-sm.c:232)
11/09 21:01:52.208: [sbi] WARNING: [cd930f02-bda6-41f0-a6f9-99d0be1477b5] Retry registration with NRF (../lib/sbi/nf-sm.c:529)
11/09 21:01:52.209: [scp] ERROR: Invalid resource name [nf-instances] (../src/scp/scp-sm.c:121)
11/09 21:01:52.209: [sbi] ERROR: [cd930f02-bda6-41f0-a6f9-99d0be1477b5] HTTP Response Status Code [400] (../lib/sbi/nf-sm.c:232)
11/09 21:01:54.220: [sbi] WARNING: [cd930f02-bda6-41f0-a6f9-99d0be1477b5] Retry registration with NRF (../lib/sbi/nf-sm.c:529)
11/09 21:01:54.220: [scp] ERROR: Invalid resource name [nf-instances] (../src/scp/scp-sm.c:121)
11/09 21:01:54.221: [sbi] ERROR: [cd930f02-bda6-41f0-a6f9-99d0be1477b5] HTTP Response Status Code [400] (../lib/sbi/nf-sm.c:232)
11/09 21:01:56.233: [sbi] WARNING: [cd930f02-bda6-41f0-a6f9-99d0be1477b5] Retry registration with NRF (../lib/sbi/nf-sm.c:529)
11/09 21:01:56.235: [scp] ERROR: Invalid resource name [nf-instances] (../src/scp/scp-sm.c:121)
11/09 21:01:56.235: [sbi] ERROR: [cd930f02-bda6-41f0-a6f9-99d0be1477b5] HTTP Response Status Code [400] (../lib/sbi/nf-sm.c:232)
11/09 21:01:58.239: [sbi] WARNING: [cd930f02-bda6-41f0-a6f9-99d0be1477b5] Retry registration with NRF (../lib/sbi/nf-sm.c:529)
11/09 21:01:58.240: [scp] ERROR: Invalid resource name [nf-instances] (../src/scp/scp-sm.c:121)
11/09 21:01:58.240: [sbi] ERROR: [cd930f02-bda6-41f0-a6f9-99d0be1477b5] HTTP Response Status Code [400] (../lib/sbi/nf-sm.c:232)
11/09 21:02:00.249: [sbi] WARNING: [cd930f02-bda6-41f0-a6f9-99d0be1477b5] Retry registration with NRF (../lib/sbi/nf-sm.c:529)
11/09 21:02:00.251: [scp] ERROR: Invalid resource name [nf-instances] (../src/scp/scp-sm.c:121)
11/09 21:02:00.251: [sbi] ERROR: [cd930f02-bda6-41f0-a6f9-99d0be1477b5] HTTP Response Status Code [400] (../lib/sbi/nf-sm.c:232)
11/09 21:02:02.262: [sbi] WARNING: [cd930f02-bda6-41f0-a6f9-99d0be1477b5] Retry registration with NRF (../lib/sbi/nf-sm.c:529)
11/09 21:02:02.264: [scp] ERROR: Invalid resource name [nf-instances] (../src/scp/scp-sm.c:121)
11/09 21:02:02.264: [sbi] ERROR: [cd930f02-bda6-41f0-a6f9-99d0be1477b5] HTTP Response Status Code [400] (../lib/sbi/nf-sm.c:232)
11/09 21:02:04.267: [sbi] WARNING: [cd930f02-bda6-41f0-a6f9-99d0be1477b5] Retry registration with NRF (../lib/sbi/nf-sm.c:529)
11/09 21:02:04.267: [scp] ERROR: Invalid resource name [nf-instances] (../src/scp/scp-sm.c:121)
11/09 21:02:04.267: [sbi] ERROR: [cd930f02-bda6-41f0-a6f9-99d0be1477b5] HTTP Response Status Code [400] (../lib/sbi/nf-sm.c:232)
11/09 21:02:06.271: [sbi] WARNING: [cd930f02-bda6-41f0-a6f9-99d0be1477b5] Retry registration with NRF (../lib/sbi/nf-sm.c:529)
11/09 21:02:06.271: [scp] ERROR: Invalid resource name [nf-instances] (../src/scp/scp-sm.c:121)
11/09 21:02:06.272: [sbi] ERROR: [cd930f02-bda6-41f0-a6f9-99d0be1477b5] HTTP Response Status Code [400] (../lib/sbi/nf-sm.c:232)
11/09 21:02:08.281: [sbi] WARNING: [cd930f02-bda6-41f0-a6f9-99d0be1477b5] Retry registration with NRF (../lib/sbi/nf-sm.c:529)
11/09 21:02:08.283: [scp] ERROR: Invalid resource name [nf-instances] (../src/scp/scp-sm.c:121)
11/09 21:02:08.283: [sbi] ERROR: [cd930f02-bda6-41f0-a6f9-99d0be1477b5] HTTP Response Status Code [400] (../lib/sbi/nf-sm.c:232)
11/09 21:02:10.285: [sbi] WARNING: [cd930f02-bda6-41f0-a6f9-99d0be1477b5] Retry registration with NRF (../lib/sbi/nf-sm.c:529)
11/09 21:02:10.285: [scp] ERROR: Invalid resource name [nf-instances] (../src/scp/scp-sm.c:121)
11/09 21:02:10.286: [sbi] ERROR: [cd930f02-bda6-41f0-a6f9-99d0be1477b5] HTTP Response Status Code [400] (../lib/sbi/nf-sm.c:232)
11/09 21:02:12.290: [sbi] WARNING: [cd930f02-bda6-41f0-a6f9-99d0be1477b5] Retry registration with NRF (../lib/sbi/nf-sm.c:529)
11/09 21:02:12.291: [scp] ERROR: Invalid resource name [nf-instances] (../src/scp/scp-sm.c:121)
11/09 21:02:12.291: [sbi] ERROR: [cd930f02-bda6-41f0-a6f9-99d0be1477b5] HTTP Response Status Code [400] (../lib/sbi/nf-sm.c:232)
11/09 21:02:14.293: [sbi] WARNING: [cd930f02-bda6-41f0-a6f9-99d0be1477b5] Retry registration with NRF (../lib/sbi/nf-sm.c:529)
11/09 21:02:14.295: [scp] ERROR: Invalid resource name [nf-instances] (../src/scp/scp-sm.c:121)
11/09 21:02:14.295: [sbi] ERROR: [cd930f02-bda6-41f0-a6f9-99d0be1477b5] HTTP Response Status Code [400] (../lib/sbi/nf-sm.c:232)
11/09 21:02:16.303: [sbi] WARNING: [cd930f02-bda6-41f0-a6f9-99d0be1477b5] Retry registration with NRF (../lib/sbi/nf-sm.c:529)
11/09 21:02:16.304: [scp] ERROR: Invalid resource name [nf-instances] (../src/scp/scp-sm.c:121)
11/09 21:02:16.305: [sbi] ERROR: [cd930f02-bda6-41f0-a6f9-99d0be1477b5] HTTP Response Status Code [400] (../lib/sbi/nf-sm.c:232)
11/09 21:02:18.309: [sbi] WARNING: [cd930f02-bda6-41f0-a6f9-99d0be1477b5] Retry registration with NRF (../lib/sbi/nf-sm.c:529)
11/09 21:02:18.310: [scp] ERROR: Invalid resource name [nf-instances] (../src/scp/scp-sm.c:121)
11/09 21:02:18.311: [sbi] ERROR: [cd930f02-bda6-41f0-a6f9-99d0be1477b5] HTTP Response Status Code [400] (../lib/sbi/nf-sm.c:232)
11/09 21:02:20.316: [sbi] WARNING: [cd930f02-bda6-41f0-a6f9-99d0be1477b5] Retry registration with NRF (../lib/sbi/nf-sm.c:529)
11/09 21:02:20.317: [scp] ERROR: Invalid resource name [nf-instances] (../src/scp/scp-sm.c:121)
11/09 21:02:20.318: [sbi] ERROR: [cd930f02-bda6-41f0-a6f9-99d0be1477b5] HTTP Response Status Code [400] (../lib/sbi/nf-sm.c:232)
11/09 21:02:22.327: [sbi] WARNING: [cd930f02-bda6-41f0-a6f9-99d0be1477b5] Retry registration with NRF (../lib/sbi/nf-sm.c:529)
11/09 21:02:22.329: [scp] ERROR: Invalid resource name [nf-instances] (../src/scp/scp-sm.c:121)
11/09 21:02:22.329: [sbi] ERROR: [cd930f02-bda6-41f0-a6f9-99d0be1477b5] HTTP Response Status Code [400] (../lib/sbi/nf-sm.c:232)
11/09 21:02:24.331: [sbi] WARNING: [cd930f02-bda6-41f0-a6f9-99d0be1477b5] Retry registration with NRF (../lib/sbi/nf-sm.c:529)
11/09 21:02:24.332: [scp] ERROR: Invalid resource name [nf-instances] (../src/scp/scp-sm.c:121)
11/09 21:02:24.332: [sbi] ERROR: [cd930f02-bda6-41f0-a6f9-99d0be1477b5] HTTP Response Status Code [400] (../lib/sbi/nf-sm.c:232)
11/09 21:02:26.341: [sbi] WARNING: [cd930f02-bda6-41f0-a6f9-99d0be1477b5] Retry registration with NRF (../lib/sbi/nf-sm.c:529)
11/09 21:02:26.342: [scp] ERROR: Invalid resource name [nf-instances] (../src/scp/scp-sm.c:121)
11/09 21:02:26.343: [sbi] ERROR: [cd930f02-bda6-41f0-a6f9-99d0be1477b5] HTTP Response Status Code [400] (../lib/sbi/nf-sm.c:232)
11/09 21:02:28.345: [sbi] WARNING: [cd930f02-bda6-41f0-a6f9-99d0be1477b5] Retry registration with NRF (../lib/sbi/nf-sm.c:529)
11/09 21:02:28.346: [scp] ERROR: Invalid resource name [nf-instances] (../src/scp/scp-sm.c:121)
11/09 21:02:28.347: [sbi] ERROR: [cd930f02-bda6-41f0-a6f9-99d0be1477b5] HTTP Response Status Code [400] (../lib/sbi/nf-sm.c:232)
11/09 21:02:30.363: [sbi] WARNING: [cd930f02-bda6-41f0-a6f9-99d0be1477b5] Retry registration with NRF (../lib/sbi/nf-sm.c:529)
11/09 21:02:30.365: [scp] ERROR: Invalid resource name [nf-instances] (../src/scp/scp-sm.c:121)
11/09 21:02:30.365: [sbi] ERROR: [cd930f02-bda6-41f0-a6f9-99d0be1477b5] HTTP Response Status Code [400] (../lib/sbi/nf-sm.c:232)
11/09 21:02:32.370: [sbi] WARNING: [cd930f02-bda6-41f0-a6f9-99d0be1477b5] Retry registration with NRF (../lib/sbi/nf-sm.c:529)
11/09 21:02:32.372: [scp] ERROR: Invalid resource name [nf-instances] (../src/scp/scp-sm.c:121)
11/09 21:02:32.373: [sbi] ERROR: [cd930f02-bda6-41f0-a6f9-99d0be1477b5] HTTP Response Status Code [400] (../lib/sbi/nf-sm.c:232)
11/09 21:02:34.376: [sbi] WARNING: [cd930f02-bda6-41f0-a6f9-99d0be1477b5] Retry registration with NRF (../lib/sbi/nf-sm.c:529)
11/09 21:02:34.377: [scp] ERROR: Invalid resource name [nf-instances] (../src/scp/scp-sm.c:121)
11/09 21:02:34.378: [sbi] ERROR: [cd930f02-bda6-41f0-a6f9-99d0be1477b5] HTTP Response Status Code [400] (../lib/sbi/nf-sm.c:232)
11/09 21:02:36.387: [sbi] WARNING: [cd930f02-bda6-41f0-a6f9-99d0be1477b5] Retry registration with NRF (../lib/sbi/nf-sm.c:529)
11/09 21:02:36.387: [scp] ERROR: Invalid resource name [nf-instances] (../src/scp/scp-sm.c:121)
11/09 21:02:36.388: [sbi] ERROR: [cd930f02-bda6-41f0-a6f9-99d0be1477b5] HTTP Response Status Code [400] (../lib/sbi/nf-sm.c:232)
11/09 21:02:38.396: [sbi] WARNING: [cd930f02-bda6-41f0-a6f9-99d0be1477b5] Retry registration with NRF (../lib/sbi/nf-sm.c:529)
11/09 21:02:38.397: [scp] ERROR: Invalid resource name [nf-instances] (../src/scp/scp-sm.c:121)
11/09 21:02:38.398: [sbi] ERROR: [cd930f02-bda6-41f0-a6f9-99d0be1477b5] HTTP Response Status Code [400] (../lib/sbi/nf-sm.c:232)
11/09 21:02:40.400: [sbi] WARNING: [cd930f02-bda6-41f0-a6f9-99d0be1477b5] Retry registration with NRF (../lib/sbi/nf-sm.c:529)
11/09 21:02:40.401: [scp] ERROR: Invalid resource name [nf-instances] (../src/scp/scp-sm.c:121)
11/09 21:02:40.402: [sbi] ERROR: [cd930f02-bda6-41f0-a6f9-99d0be1477b5] HTTP Response Status Code [400] (../lib/sbi/nf-sm.c:232)
11/09 21:02:42.411: [sbi] WARNING: [cd930f02-bda6-41f0-a6f9-99d0be1477b5] Retry registration with NRF (../lib/sbi/nf-sm.c:529)
11/09 21:02:42.412: [scp] ERROR: Invalid resource name [nf-instances] (../src/scp/scp-sm.c:121)
11/09 21:02:42.412: [sbi] ERROR: [cd930f02-bda6-41f0-a6f9-99d0be1477b5] HTTP Response Status Code [400] (../lib/sbi/nf-sm.c:232)
11/09 21:02:44.415: [sbi] WARNING: [cd930f02-bda6-41f0-a6f9-99d0be1477b5] Retry registration with NRF (../lib/sbi/nf-sm.c:529)
11/09 21:02:44.417: [scp] ERROR: Invalid resource name [nf-instances] (../src/scp/scp-sm.c:121)
11/09 21:02:44.417: [sbi] ERROR: [cd930f02-bda6-41f0-a6f9-99d0be1477b5] HTTP Response Status Code [400] (../lib/sbi/nf-sm.c:232)
11/09 21:02:46.420: [sbi] WARNING: [cd930f02-bda6-41f0-a6f9-99d0be1477b5] Retry registration with NRF (../lib/sbi/nf-sm.c:529)
11/09 21:02:46.421: [scp] ERROR: Invalid resource name [nf-instances] (../src/scp/scp-sm.c:121)
11/09 21:02:46.421: [sbi] ERROR: [cd930f02-bda6-41f0-a6f9-99d0be1477b5] HTTP Response Status Code [400] (../lib/sbi/nf-sm.c:232)
11/09 21:02:48.426: [sbi] WARNING: [cd930f02-bda6-41f0-a6f9-99d0be1477b5] Retry registration with NRF (../lib/sbi/nf-sm.c:529)
11/09 21:02:48.427: [scp] ERROR: Invalid resource name [nf-instances] (../src/scp/scp-sm.c:121)
11/09 21:02:48.428: [sbi] ERROR: [cd930f02-bda6-41f0-a6f9-99d0be1477b5] HTTP Response Status Code [400] (../lib/sbi/nf-sm.c:232)
11/09 21:02:50.432: [sbi] WARNING: [cd930f02-bda6-41f0-a6f9-99d0be1477b5] Retry registration with NRF (../lib/sbi/nf-sm.c:529)
11/09 21:02:50.433: [scp] ERROR: Invalid resource name [nf-instances] (../src/scp/scp-sm.c:121)
11/09 21:02:50.435: [sbi] ERROR: [cd930f02-bda6-41f0-a6f9-99d0be1477b5] HTTP Response Status Code [400] (../lib/sbi/nf-sm.c:232)
11/09 21:02:52.435: [sbi] WARNING: [cd930f02-bda6-41f0-a6f9-99d0be1477b5] Retry registration with NRF (../lib/sbi/nf-sm.c:529)
11/09 21:02:52.437: [scp] ERROR: Invalid resource name [nf-instances] (../src/scp/scp-sm.c:121)
11/09 21:02:52.438: [sbi] ERROR: [cd930f02-bda6-41f0-a6f9-99d0be1477b5] HTTP Response Status Code [400] (../lib/sbi/nf-sm.c:232)
11/09 21:02:54.451: [sbi] WARNING: [cd930f02-bda6-41f0-a6f9-99d0be1477b5] Retry registration with NRF (../lib/sbi/nf-sm.c:529)
11/09 21:02:54.453: [scp] ERROR: Invalid resource name [nf-instances] (../src/scp/scp-sm.c:121)
11/09 21:02:54.453: [sbi] ERROR: [cd930f02-bda6-41f0-a6f9-99d0be1477b5] HTTP Response Status Code [400] (../lib/sbi/nf-sm.c:232)
11/09 21:02:56.457: [sbi] WARNING: [cd930f02-bda6-41f0-a6f9-99d0be1477b5] Retry registration with NRF (../lib/sbi/nf-sm.c:529)
11/09 21:02:56.459: [scp] ERROR: Invalid resource name [nf-instances] (../src/scp/scp-sm.c:121)
11/09 21:02:56.461: [sbi] ERROR: [cd930f02-bda6-41f0-a6f9-99d0be1477b5] HTTP Response Status Code [400] (../lib/sbi/nf-sm.c:232)
11/09 21:02:58.467: [sbi] WARNING: [cd930f02-bda6-41f0-a6f9-99d0be1477b5] Retry registration with NRF (../lib/sbi/nf-sm.c:529)
11/09 21:02:58.468: [scp] ERROR: Invalid resource name [nf-instances] (../src/scp/scp-sm.c:121)
11/09 21:02:58.469: [sbi] ERROR: [cd930f02-bda6-41f0-a6f9-99d0be1477b5] HTTP Response Status Code [400] (../lib/sbi/nf-sm.c:232)
11/09 21:03:00.478: [sbi] WARNING: [cd930f02-bda6-41f0-a6f9-99d0be1477b5] Retry registration with NRF (../lib/sbi/nf-sm.c:529)
11/09 21:03:00.482: [scp] ERROR: Invalid resource name [nf-instances] (../src/scp/scp-sm.c:121)
11/09 21:03:00.484: [sbi] ERROR: [cd930f02-bda6-41f0-a6f9-99d0be1477b5] HTTP Response Status Code [400] (../lib/sbi/nf-sm.c:232)
11/09 21:03:02.487: [sbi] WARNING: [cd930f02-bda6-41f0-a6f9-99d0be1477b5] Retry registration with NRF (../lib/sbi/nf-sm.c:529)
11/09 21:03:02.488: [scp] ERROR: Invalid resource name [nf-instances] (../src/scp/scp-sm.c:121)
11/09 21:03:02.489: [sbi] ERROR: [cd930f02-bda6-41f0-a6f9-99d0be1477b5] HTTP Response Status Code [400] (../lib/sbi/nf-sm.c:232)
11/09 21:03:04.492: [sbi] WARNING: [cd930f02-bda6-41f0-a6f9-99d0be1477b5] Retry registration with NRF (../lib/sbi/nf-sm.c:529)
11/09 21:03:04.494: [scp] ERROR: Invalid resource name [nf-instances] (../src/scp/scp-sm.c:121)
11/09 21:03:04.494: [sbi] ERROR: [cd930f02-bda6-41f0-a6f9-99d0be1477b5] HTTP Response Status Code [400] (../lib/sbi/nf-sm.c:232)
11/09 21:03:06.498: [sbi] WARNING: [cd930f02-bda6-41f0-a6f9-99d0be1477b5] Retry registration with NRF (../lib/sbi/nf-sm.c:529)
11/09 21:03:06.499: [scp] ERROR: Invalid resource name [nf-instances] (../src/scp/scp-sm.c:121)
11/09 21:03:06.499: [sbi] ERROR: [cd930f02-bda6-41f0-a6f9-99d0be1477b5] HTTP Response Status Code [400] (../lib/sbi/nf-sm.c:232)
11/09 21:03:08.502: [sbi] WARNING: [cd930f02-bda6-41f0-a6f9-99d0be1477b5] Retry registration with NRF (../lib/sbi/nf-sm.c:529)
11/09 21:03:08.504: [scp] ERROR: Invalid resource name [nf-instances] (../src/scp/scp-sm.c:121)
11/09 21:03:08.507: [sbi] ERROR: [cd930f02-bda6-41f0-a6f9-99d0be1477b5] HTTP Response Status Code [400] (../lib/sbi/nf-sm.c:232)
11/09 21:03:10.508: [sbi] WARNING: [cd930f02-bda6-41f0-a6f9-99d0be1477b5] Retry registration with NRF (../lib/sbi/nf-sm.c:529)
11/09 21:03:10.509: [scp] ERROR: Invalid resource name [nf-instances] (../src/scp/scp-sm.c:121)
11/09 21:03:10.509: [sbi] ERROR: [cd930f02-bda6-41f0-a6f9-99d0be1477b5] HTTP Response Status Code [400] (../lib/sbi/nf-sm.c:232)
11/09 21:03:12.513: [sbi] WARNING: [cd930f02-bda6-41f0-a6f9-99d0be1477b5] Retry registration with NRF (../lib/sbi/nf-sm.c:529)
11/09 21:03:12.515: [scp] ERROR: Invalid resource name [nf-instances] (../src/scp/scp-sm.c:121)
11/09 21:03:12.515: [sbi] ERROR: [cd930f02-bda6-41f0-a6f9-99d0be1477b5] HTTP Response Status Code [400] (../lib/sbi/nf-sm.c:232)
11/09 21:03:14.517: [sbi] WARNING: [cd930f02-bda6-41f0-a6f9-99d0be1477b5] Retry registration with NRF (../lib/sbi/nf-sm.c:529)
11/09 21:03:14.518: [scp] ERROR: Invalid resource name [nf-instances] (../src/scp/scp-sm.c:121)
11/09 21:03:14.520: [sbi] ERROR: [cd930f02-bda6-41f0-a6f9-99d0be1477b5] HTTP Response Status Code [400] (../lib/sbi/nf-sm.c:232)
11/09 21:03:16.522: [sbi] WARNING: [cd930f02-bda6-41f0-a6f9-99d0be1477b5] Retry registration with NRF (../lib/sbi/nf-sm.c:529)
11/09 21:03:16.524: [scp] ERROR: Invalid resource name [nf-instances] (../src/scp/scp-sm.c:121)
11/09 21:03:16.525: [sbi] ERROR: [cd930f02-bda6-41f0-a6f9-99d0be1477b5] HTTP Response Status Code [400] (../lib/sbi/nf-sm.c:232)
11/09 21:03:18.526: [sbi] WARNING: [cd930f02-bda6-41f0-a6f9-99d0be1477b5] Retry registration with NRF (../lib/sbi/nf-sm.c:529)
11/09 21:03:18.528: [scp] ERROR: Invalid resource name [nf-instances] (../src/scp/scp-sm.c:121)
11/09 21:03:18.528: [sbi] ERROR: [cd930f02-bda6-41f0-a6f9-99d0be1477b5] HTTP Response Status Code [400] (../lib/sbi/nf-sm.c:232)
11/09 21:03:20.531: [sbi] WARNING: [cd930f02-bda6-41f0-a6f9-99d0be1477b5] Retry registration with NRF (../lib/sbi/nf-sm.c:529)
11/09 21:03:20.533: [scp] ERROR: Invalid resource name [nf-instances] (../src/scp/scp-sm.c:121)
11/09 21:03:20.533: [sbi] ERROR: [cd930f02-bda6-41f0-a6f9-99d0be1477b5] HTTP Response Status Code [400] (../lib/sbi/nf-sm.c:232)
11/09 21:03:22.539: [sbi] WARNING: [cd930f02-bda6-41f0-a6f9-99d0be1477b5] Retry registration with NRF (../lib/sbi/nf-sm.c:529)
11/09 21:03:22.540: [scp] ERROR: Invalid resource name [nf-instances] (../src/scp/scp-sm.c:121)
11/09 21:03:22.541: [sbi] ERROR: [cd930f02-bda6-41f0-a6f9-99d0be1477b5] HTTP Response Status Code [400] (../lib/sbi/nf-sm.c:232)
11/09 21:03:24.545: [sbi] WARNING: [cd930f02-bda6-41f0-a6f9-99d0be1477b5] Retry registration with NRF (../lib/sbi/nf-sm.c:529)
11/09 21:03:24.547: [scp] ERROR: Invalid resource name [nf-instances] (../src/scp/scp-sm.c:121)
11/09 21:03:24.547: [sbi] ERROR: [cd930f02-bda6-41f0-a6f9-99d0be1477b5] HTTP Response Status Code [400] (../lib/sbi/nf-sm.c:232)
11/09 21:03:26.552: [sbi] WARNING: [cd930f02-bda6-41f0-a6f9-99d0be1477b5] Retry registration with NRF (../lib/sbi/nf-sm.c:529)
11/09 21:03:26.553: [scp] ERROR: Invalid resource name [nf-instances] (../src/scp/scp-sm.c:121)
11/09 21:03:26.554: [sbi] ERROR: [cd930f02-bda6-41f0-a6f9-99d0be1477b5] HTTP Response Status Code [400] (../lib/sbi/nf-sm.c:232)
11/09 21:03:28.561: [sbi] WARNING: [cd930f02-bda6-41f0-a6f9-99d0be1477b5] Retry registration with NRF (../lib/sbi/nf-sm.c:529)
11/09 21:03:28.562: [scp] ERROR: Invalid resource name [nf-instances] (../src/scp/scp-sm.c:121)
11/09 21:03:28.562: [sbi] ERROR: [cd930f02-bda6-41f0-a6f9-99d0be1477b5] HTTP Response Status Code [400] (../lib/sbi/nf-sm.c:232)
11/09 21:03:30.565: [sbi] WARNING: [cd930f02-bda6-41f0-a6f9-99d0be1477b5] Retry registration with NRF (../lib/sbi/nf-sm.c:529)
11/09 21:03:30.567: [scp] ERROR: Invalid resource name [nf-instances] (../src/scp/scp-sm.c:121)
11/09 21:03:30.567: [sbi] ERROR: [cd930f02-bda6-41f0-a6f9-99d0be1477b5] HTTP Response Status Code [400] (../lib/sbi/nf-sm.c:232)
11/09 21:03:32.576: [sbi] WARNING: [cd930f02-bda6-41f0-a6f9-99d0be1477b5] Retry registration with NRF (../lib/sbi/nf-sm.c:529)
11/09 21:03:32.578: [scp] ERROR: Invalid resource name [nf-instances] (../src/scp/scp-sm.c:121)
11/09 21:03:32.579: [sbi] ERROR: [cd930f02-bda6-41f0-a6f9-99d0be1477b5] HTTP Response Status Code [400] (../lib/sbi/nf-sm.c:232)
11/09 21:03:34.582: [sbi] WARNING: [cd930f02-bda6-41f0-a6f9-99d0be1477b5] Retry registration with NRF (../lib/sbi/nf-sm.c:529)
11/09 21:03:34.583: [scp] ERROR: Invalid resource name [nf-instances] (../src/scp/scp-sm.c:121)
11/09 21:03:34.583: [sbi] ERROR: [cd930f02-bda6-41f0-a6f9-99d0be1477b5] HTTP Response Status Code [400] (../lib/sbi/nf-sm.c:232)
11/09 21:03:36.588: [sbi] WARNING: [cd930f02-bda6-41f0-a6f9-99d0be1477b5] Retry registration with NRF (../lib/sbi/nf-sm.c:529)
11/09 21:03:36.589: [scp] ERROR: Invalid resource name [nf-instances] (../src/scp/scp-sm.c:121)
11/09 21:03:36.590: [sbi] ERROR: [cd930f02-bda6-41f0-a6f9-99d0be1477b5] HTTP Response Status Code [400] (../lib/sbi/nf-sm.c:232)
11/09 21:03:38.600: [sbi] WARNING: [cd930f02-bda6-41f0-a6f9-99d0be1477b5] Retry registration with NRF (../lib/sbi/nf-sm.c:529)
11/09 21:03:38.601: [scp] ERROR: Invalid resource name [nf-instances] (../src/scp/scp-sm.c:121)
11/09 21:03:38.602: [sbi] ERROR: [cd930f02-bda6-41f0-a6f9-99d0be1477b5] HTTP Response Status Code [400] (../lib/sbi/nf-sm.c:232)
11/09 21:03:40.604: [sbi] WARNING: [cd930f02-bda6-41f0-a6f9-99d0be1477b5] Retry registration with NRF (../lib/sbi/nf-sm.c:529)
11/09 21:03:40.605: [scp] ERROR: Invalid resource name [nf-instances] (../src/scp/scp-sm.c:121)
11/09 21:03:40.605: [sbi] ERROR: [cd930f02-bda6-41f0-a6f9-99d0be1477b5] HTTP Response Status Code [400] (../lib/sbi/nf-sm.c:232)
11/09 21:03:42.609: [sbi] WARNING: [cd930f02-bda6-41f0-a6f9-99d0be1477b5] Retry registration with NRF (../lib/sbi/nf-sm.c:529)
11/09 21:03:42.610: [scp] ERROR: Invalid resource name [nf-instances] (../src/scp/scp-sm.c:121)
11/09 21:03:42.611: [sbi] ERROR: [cd930f02-bda6-41f0-a6f9-99d0be1477b5] HTTP Response Status Code [400] (../lib/sbi/nf-sm.c:232)
11/09 21:03:44.614: [sbi] WARNING: [cd930f02-bda6-41f0-a6f9-99d0be1477b5] Retry registration with NRF (../lib/sbi/nf-sm.c:529)
11/09 21:03:44.615: [scp] ERROR: Invalid resource name [nf-instances] (../src/scp/scp-sm.c:121)
11/09 21:03:44.616: [sbi] ERROR: [cd930f02-bda6-41f0-a6f9-99d0be1477b5] HTTP Response Status Code [400] (../lib/sbi/nf-sm.c:232)
11/09 21:03:46.626: [sbi] WARNING: [cd930f02-bda6-41f0-a6f9-99d0be1477b5] Retry registration with NRF (../lib/sbi/nf-sm.c:529)
11/09 21:03:46.628: [scp] ERROR: Invalid resource name [nf-instances] (../src/scp/scp-sm.c:121)
11/09 21:03:46.628: [sbi] ERROR: [cd930f02-bda6-41f0-a6f9-99d0be1477b5] HTTP Response Status Code [400] (../lib/sbi/nf-sm.c:232)
11/09 21:03:48.629: [sbi] WARNING: [cd930f02-bda6-41f0-a6f9-99d0be1477b5] Retry registration with NRF (../lib/sbi/nf-sm.c:529)
11/09 21:03:48.630: [scp] ERROR: Invalid resource name [nf-instances] (../src/scp/scp-sm.c:121)
11/09 21:03:48.630: [sbi] ERROR: [cd930f02-bda6-41f0-a6f9-99d0be1477b5] HTTP Response Status Code [400] (../lib/sbi/nf-sm.c:232)
11/09 21:03:50.634: [sbi] WARNING: [cd930f02-bda6-41f0-a6f9-99d0be1477b5] Retry registration with NRF (../lib/sbi/nf-sm.c:529)
11/09 21:03:50.635: [scp] ERROR: Invalid resource name [nf-instances] (../src/scp/scp-sm.c:121)
11/09 21:03:50.635: [sbi] ERROR: [cd930f02-bda6-41f0-a6f9-99d0be1477b5] HTTP Response Status Code [400] (../lib/sbi/nf-sm.c:232)
11/09 21:03:52.639: [sbi] WARNING: [cd930f02-bda6-41f0-a6f9-99d0be1477b5] Retry registration with NRF (../lib/sbi/nf-sm.c:529)
11/09 21:03:52.640: [scp] ERROR: Invalid resource name [nf-instances] (../src/scp/scp-sm.c:121)
11/09 21:03:52.641: [sbi] ERROR: [cd930f02-bda6-41f0-a6f9-99d0be1477b5] HTTP Response Status Code [400] (../lib/sbi/nf-sm.c:232)
11/09 21:03:54.644: [sbi] WARNING: [cd930f02-bda6-41f0-a6f9-99d0be1477b5] Retry registration with NRF (../lib/sbi/nf-sm.c:529)
11/09 21:03:54.646: [scp] ERROR: Invalid resource name [nf-instances] (../src/scp/scp-sm.c:121)
11/09 21:03:54.646: [sbi] ERROR: [cd930f02-bda6-41f0-a6f9-99d0be1477b5] HTTP Response Status Code [400] (../lib/sbi/nf-sm.c:232)
11/09 21:03:56.651: [sbi] WARNING: [cd930f02-bda6-41f0-a6f9-99d0be1477b5] Retry registration with NRF (../lib/sbi/nf-sm.c:529)
11/09 21:03:56.652: [scp] ERROR: Invalid resource name [nf-instances] (../src/scp/scp-sm.c:121)
11/09 21:03:56.654: [sbi] ERROR: [cd930f02-bda6-41f0-a6f9-99d0be1477b5] HTTP Response Status Code [400] (../lib/sbi/nf-sm.c:232)
11/09 21:03:58.659: [sbi] WARNING: [cd930f02-bda6-41f0-a6f9-99d0be1477b5] Retry registration with NRF (../lib/sbi/nf-sm.c:529)
11/09 21:03:58.660: [scp] ERROR: Invalid resource name [nf-instances] (../src/scp/scp-sm.c:121)
11/09 21:03:58.661: [sbi] ERROR: [cd930f02-bda6-41f0-a6f9-99d0be1477b5] HTTP Response Status Code [400] (../lib/sbi/nf-sm.c:232)
11/09 21:04:00.668: [sbi] WARNING: [cd930f02-bda6-41f0-a6f9-99d0be1477b5] Retry registration with NRF (../lib/sbi/nf-sm.c:529)
11/09 21:04:00.669: [scp] ERROR: Invalid resource name [nf-instances] (../src/scp/scp-sm.c:121)
11/09 21:04:00.670: [sbi] ERROR: [cd930f02-bda6-41f0-a6f9-99d0be1477b5] HTTP Response Status Code [400] (../lib/sbi/nf-sm.c:232)
11/09 21:04:02.675: [sbi] WARNING: [cd930f02-bda6-41f0-a6f9-99d0be1477b5] Retry registration with NRF (../lib/sbi/nf-sm.c:529)
11/09 21:04:02.677: [scp] ERROR: Invalid resource name [nf-instances] (../src/scp/scp-sm.c:121)
11/09 21:04:02.677: [sbi] ERROR: [cd930f02-bda6-41f0-a6f9-99d0be1477b5] HTTP Response Status Code [400] (../lib/sbi/nf-sm.c:232)
11/09 21:04:04.684: [sbi] WARNING: [cd930f02-bda6-41f0-a6f9-99d0be1477b5] Retry registration with NRF (../lib/sbi/nf-sm.c:529)
11/09 21:04:04.685: [scp] ERROR: Invalid resource name [nf-instances] (../src/scp/scp-sm.c:121)
11/09 21:04:04.685: [sbi] ERROR: [cd930f02-bda6-41f0-a6f9-99d0be1477b5] HTTP Response Status Code [400] (../lib/sbi/nf-sm.c:232)
11/09 21:04:06.695: [sbi] WARNING: [cd930f02-bda6-41f0-a6f9-99d0be1477b5] Retry registration with NRF (../lib/sbi/nf-sm.c:529)
11/09 21:04:06.696: [scp] ERROR: Invalid resource name [nf-instances] (../src/scp/scp-sm.c:121)
11/09 21:04:06.697: [sbi] ERROR: [cd930f02-bda6-41f0-a6f9-99d0be1477b5] HTTP Response Status Code [400] (../lib/sbi/nf-sm.c:232)
11/09 21:04:08.703: [sbi] WARNING: [cd930f02-bda6-41f0-a6f9-99d0be1477b5] Retry registration with NRF (../lib/sbi/nf-sm.c:529)
11/09 21:04:08.704: [scp] ERROR: Invalid resource name [nf-instances] (../src/scp/scp-sm.c:121)
11/09 21:04:08.705: [sbi] ERROR: [cd930f02-bda6-41f0-a6f9-99d0be1477b5] HTTP Response Status Code [400] (../lib/sbi/nf-sm.c:232)
11/09 21:04:10.714: [sbi] WARNING: [cd930f02-bda6-41f0-a6f9-99d0be1477b5] Retry registration with NRF (../lib/sbi/nf-sm.c:529)
11/09 21:04:10.715: [scp] ERROR: Invalid resource name [nf-instances] (../src/scp/scp-sm.c:121)
11/09 21:04:10.715: [sbi] ERROR: [cd930f02-bda6-41f0-a6f9-99d0be1477b5] HTTP Response Status Code [400] (../lib/sbi/nf-sm.c:232)
11/09 21:04:12.726: [sbi] WARNING: [cd930f02-bda6-41f0-a6f9-99d0be1477b5] Retry registration with NRF (../lib/sbi/nf-sm.c:529)
11/09 21:04:12.727: [scp] ERROR: Invalid resource name [nf-instances] (../src/scp/scp-sm.c:121)
11/09 21:04:12.727: [sbi] ERROR: [cd930f02-bda6-41f0-a6f9-99d0be1477b5] HTTP Response Status Code [400] (../lib/sbi/nf-sm.c:232)
11/09 21:04:14.731: [sbi] WARNING: [cd930f02-bda6-41f0-a6f9-99d0be1477b5] Retry registration with NRF (../lib/sbi/nf-sm.c:529)
11/09 21:04:14.733: [scp] ERROR: Invalid resource name [nf-instances] (../src/scp/scp-sm.c:121)
11/09 21:04:14.734: [sbi] ERROR: [cd930f02-bda6-41f0-a6f9-99d0be1477b5] HTTP Response Status Code [400] (../lib/sbi/nf-sm.c:232)
11/09 21:04:16.737: [sbi] WARNING: [cd930f02-bda6-41f0-a6f9-99d0be1477b5] Retry registration with NRF (../lib/sbi/nf-sm.c:529)
11/09 21:04:16.738: [scp] ERROR: Invalid resource name [nf-instances] (../src/scp/scp-sm.c:121)
11/09 21:04:16.738: [sbi] ERROR: [cd930f02-bda6-41f0-a6f9-99d0be1477b5] HTTP Response Status Code [400] (../lib/sbi/nf-sm.c:232)
11/09 21:04:18.747: [sbi] WARNING: [cd930f02-bda6-41f0-a6f9-99d0be1477b5] Retry registration with NRF (../lib/sbi/nf-sm.c:529)
11/09 21:04:18.749: [scp] ERROR: Invalid resource name [nf-instances] (../src/scp/scp-sm.c:121)
11/09 21:04:18.750: [sbi] ERROR: [cd930f02-bda6-41f0-a6f9-99d0be1477b5] HTTP Response Status Code [400] (../lib/sbi/nf-sm.c:232)
11/09 21:04:20.756: [sbi] WARNING: [cd930f02-bda6-41f0-a6f9-99d0be1477b5] Retry registration with NRF (../lib/sbi/nf-sm.c:529)
11/09 21:04:20.758: [scp] ERROR: Invalid resource name [nf-instances] (../src/scp/scp-sm.c:121)
11/09 21:04:20.759: [sbi] ERROR: [cd930f02-bda6-41f0-a6f9-99d0be1477b5] HTTP Response Status Code [400] (../lib/sbi/nf-sm.c:232)
11/09 21:04:22.762: [sbi] WARNING: [cd930f02-bda6-41f0-a6f9-99d0be1477b5] Retry registration with NRF (../lib/sbi/nf-sm.c:529)
11/09 21:04:22.763: [scp] ERROR: Invalid resource name [nf-instances] (../src/scp/scp-sm.c:121)
11/09 21:04:22.764: [sbi] ERROR: [cd930f02-bda6-41f0-a6f9-99d0be1477b5] HTTP Response Status Code [400] (../lib/sbi/nf-sm.c:232)
11/09 21:04:24.768: [sbi] WARNING: [cd930f02-bda6-41f0-a6f9-99d0be1477b5] Retry registration with NRF (../lib/sbi/nf-sm.c:529)
11/09 21:04:24.769: [scp] ERROR: Invalid resource name [nf-instances] (../src/scp/scp-sm.c:121)
11/09 21:04:24.769: [sbi] ERROR: [cd930f02-bda6-41f0-a6f9-99d0be1477b5] HTTP Response Status Code [400] (../lib/sbi/nf-sm.c:232)
11/09 21:04:26.781: [sbi] WARNING: [cd930f02-bda6-41f0-a6f9-99d0be1477b5] Retry registration with NRF (../lib/sbi/nf-sm.c:529)
11/09 21:04:26.783: [scp] ERROR: Invalid resource name [nf-instances] (../src/scp/scp-sm.c:121)
11/09 21:04:26.783: [sbi] ERROR: [cd930f02-bda6-41f0-a6f9-99d0be1477b5] HTTP Response Status Code [400] (../lib/sbi/nf-sm.c:232)
11/09 21:04:28.786: [sbi] WARNING: [cd930f02-bda6-41f0-a6f9-99d0be1477b5] Retry registration with NRF (../lib/sbi/nf-sm.c:529)
11/09 21:04:28.787: [scp] ERROR: Invalid resource name [nf-instances] (../src/scp/scp-sm.c:121)
11/09 21:04:28.787: [sbi] ERROR: [cd930f02-bda6-41f0-a6f9-99d0be1477b5] HTTP Response Status Code [400] (../lib/sbi/nf-sm.c:232)
11/09 21:04:30.798: [sbi] WARNING: [cd930f02-bda6-41f0-a6f9-99d0be1477b5] Retry registration with NRF (../lib/sbi/nf-sm.c:529)
11/09 21:04:30.799: [scp] ERROR: Invalid resource name [nf-instances] (../src/scp/scp-sm.c:121)
11/09 21:04:30.800: [sbi] ERROR: [cd930f02-bda6-41f0-a6f9-99d0be1477b5] HTTP Response Status Code [400] (../lib/sbi/nf-sm.c:232)
11/09 21:04:32.803: [sbi] WARNING: [cd930f02-bda6-41f0-a6f9-99d0be1477b5] Retry registration with NRF (../lib/sbi/nf-sm.c:529)
11/09 21:04:32.807: [scp] ERROR: Invalid resource name [nf-instances] (../src/scp/scp-sm.c:121)
11/09 21:04:32.807: [sbi] ERROR: [cd930f02-bda6-41f0-a6f9-99d0be1477b5] HTTP Response Status Code [400] (../lib/sbi/nf-sm.c:232)
11/09 21:04:34.812: [sbi] WARNING: [cd930f02-bda6-41f0-a6f9-99d0be1477b5] Retry registration with NRF (../lib/sbi/nf-sm.c:529)
11/09 21:04:34.812: [scp] ERROR: Invalid resource name [nf-instances] (../src/scp/scp-sm.c:121)
11/09 21:04:34.813: [sbi] ERROR: [cd930f02-bda6-41f0-a6f9-99d0be1477b5] HTTP Response Status Code [400] (../lib/sbi/nf-sm.c:232)
11/09 21:04:36.819: [sbi] WARNING: [cd930f02-bda6-41f0-a6f9-99d0be1477b5] Retry registration with NRF (../lib/sbi/nf-sm.c:529)
11/09 21:04:36.820: [scp] ERROR: Invalid resource name [nf-instances] (../src/scp/scp-sm.c:121)
11/09 21:04:36.821: [sbi] ERROR: [cd930f02-bda6-41f0-a6f9-99d0be1477b5] HTTP Response Status Code [400] (../lib/sbi/nf-sm.c:232)
11/09 21:04:38.825: [sbi] WARNING: [cd930f02-bda6-41f0-a6f9-99d0be1477b5] Retry registration with NRF (../lib/sbi/nf-sm.c:529)
11/09 21:04:38.827: [scp] ERROR: Invalid resource name [nf-instances] (../src/scp/scp-sm.c:121)
11/09 21:04:38.827: [sbi] ERROR: [cd930f02-bda6-41f0-a6f9-99d0be1477b5] HTTP Response Status Code [400] (../lib/sbi/nf-sm.c:232)
11/09 21:04:40.830: [sbi] WARNING: [cd930f02-bda6-41f0-a6f9-99d0be1477b5] Retry registration with NRF (../lib/sbi/nf-sm.c:529)
11/09 21:04:40.831: [scp] ERROR: Invalid resource name [nf-instances] (../src/scp/scp-sm.c:121)
11/09 21:04:40.831: [sbi] ERROR: [cd930f02-bda6-41f0-a6f9-99d0be1477b5] HTTP Response Status Code [400] (../lib/sbi/nf-sm.c:232)
11/09 21:04:42.834: [sbi] WARNING: [cd930f02-bda6-41f0-a6f9-99d0be1477b5] Retry registration with NRF (../lib/sbi/nf-sm.c:529)
11/09 21:04:42.834: [scp] ERROR: Invalid resource name [nf-instances] (../src/scp/scp-sm.c:121)
11/09 21:04:42.835: [sbi] ERROR: [cd930f02-bda6-41f0-a6f9-99d0be1477b5] HTTP Response Status Code [400] (../lib/sbi/nf-sm.c:232)
11/09 21:04:44.842: [sbi] WARNING: [cd930f02-bda6-41f0-a6f9-99d0be1477b5] Retry registration with NRF (../lib/sbi/nf-sm.c:529)
11/09 21:04:44.844: [scp] ERROR: Invalid resource name [nf-instances] (../src/scp/scp-sm.c:121)
11/09 21:04:44.845: [sbi] ERROR: [cd930f02-bda6-41f0-a6f9-99d0be1477b5] HTTP Response Status Code [400] (../lib/sbi/nf-sm.c:232)
11/09 21:04:46.854: [sbi] WARNING: [cd930f02-bda6-41f0-a6f9-99d0be1477b5] Retry registration with NRF (../lib/sbi/nf-sm.c:529)
11/09 21:04:46.855: [scp] ERROR: Invalid resource name [nf-instances] (../src/scp/scp-sm.c:121)
11/09 21:04:46.856: [sbi] ERROR: [cd930f02-bda6-41f0-a6f9-99d0be1477b5] HTTP Response Status Code [400] (../lib/sbi/nf-sm.c:232)
11/09 21:04:48.862: [sbi] WARNING: [cd930f02-bda6-41f0-a6f9-99d0be1477b5] Retry registration with NRF (../lib/sbi/nf-sm.c:529)
11/09 21:04:48.864: [scp] ERROR: Invalid resource name [nf-instances] (../src/scp/scp-sm.c:121)
11/09 21:04:48.864: [sbi] ERROR: [cd930f02-bda6-41f0-a6f9-99d0be1477b5] HTTP Response Status Code [400] (../lib/sbi/nf-sm.c:232)
11/09 21:04:50.870: [sbi] WARNING: [cd930f02-bda6-41f0-a6f9-99d0be1477b5] Retry registration with NRF (../lib/sbi/nf-sm.c:529)
11/09 21:04:50.872: [scp] ERROR: Invalid resource name [nf-instances] (../src/scp/scp-sm.c:121)
11/09 21:04:50.872: [sbi] ERROR: [cd930f02-bda6-41f0-a6f9-99d0be1477b5] HTTP Response Status Code [400] (../lib/sbi/nf-sm.c:232)
11/09 21:04:52.884: [sbi] WARNING: [cd930f02-bda6-41f0-a6f9-99d0be1477b5] Retry registration with NRF (../lib/sbi/nf-sm.c:529)
11/09 21:04:52.885: [scp] ERROR: Invalid resource name [nf-instances] (../src/scp/scp-sm.c:121)
11/09 21:04:52.886: [sbi] ERROR: [cd930f02-bda6-41f0-a6f9-99d0be1477b5] HTTP Response Status Code [400] (../lib/sbi/nf-sm.c:232)
11/09 21:04:54.889: [sbi] WARNING: [cd930f02-bda6-41f0-a6f9-99d0be1477b5] Retry registration with NRF (../lib/sbi/nf-sm.c:529)
11/09 21:04:54.889: [scp] ERROR: Invalid resource name [nf-instances] (../src/scp/scp-sm.c:121)
11/09 21:04:54.889: [sbi] ERROR: [cd930f02-bda6-41f0-a6f9-99d0be1477b5] HTTP Response Status Code [400] (../lib/sbi/nf-sm.c:232)
11/09 21:04:56.893: [sbi] WARNING: [cd930f02-bda6-41f0-a6f9-99d0be1477b5] Retry registration with NRF (../lib/sbi/nf-sm.c:529)
11/09 21:04:56.894: [scp] ERROR: Invalid resource name [nf-instances] (../src/scp/scp-sm.c:121)
11/09 21:04:56.895: [sbi] ERROR: [cd930f02-bda6-41f0-a6f9-99d0be1477b5] HTTP Response Status Code [400] (../lib/sbi/nf-sm.c:232)
11/09 21:04:58.900: [sbi] WARNING: [cd930f02-bda6-41f0-a6f9-99d0be1477b5] Retry registration with NRF (../lib/sbi/nf-sm.c:529)
11/09 21:04:58.901: [scp] ERROR: Invalid resource name [nf-instances] (../src/scp/scp-sm.c:121)
11/09 21:04:58.902: [sbi] ERROR: [cd930f02-bda6-41f0-a6f9-99d0be1477b5] HTTP Response Status Code [400] (../lib/sbi/nf-sm.c:232)
11/09 21:05:00.907: [sbi] WARNING: [cd930f02-bda6-41f0-a6f9-99d0be1477b5] Retry registration with NRF (../lib/sbi/nf-sm.c:529)
11/09 21:05:00.908: [scp] ERROR: Invalid resource name [nf-instances] (../src/scp/scp-sm.c:121)
11/09 21:05:00.909: [sbi] ERROR: [cd930f02-bda6-41f0-a6f9-99d0be1477b5] HTTP Response Status Code [400] (../lib/sbi/nf-sm.c:232)
11/09 21:05:02.910: [sbi] WARNING: [cd930f02-bda6-41f0-a6f9-99d0be1477b5] Retry registration with NRF (../lib/sbi/nf-sm.c:529)
11/09 21:05:02.911: [scp] ERROR: Invalid resource name [nf-instances] (../src/scp/scp-sm.c:121)
11/09 21:05:02.911: [sbi] ERROR: [cd930f02-bda6-41f0-a6f9-99d0be1477b5] HTTP Response Status Code [400] (../lib/sbi/nf-sm.c:232)
11/09 21:05:04.916: [sbi] WARNING: [cd930f02-bda6-41f0-a6f9-99d0be1477b5] Retry registration with NRF (../lib/sbi/nf-sm.c:529)
11/09 21:05:04.917: [scp] ERROR: Invalid resource name [nf-instances] (../src/scp/scp-sm.c:121)
11/09 21:05:04.918: [sbi] ERROR: [cd930f02-bda6-41f0-a6f9-99d0be1477b5] HTTP Response Status Code [400] (../lib/sbi/nf-sm.c:232)
11/09 21:05:06.921: [sbi] WARNING: [cd930f02-bda6-41f0-a6f9-99d0be1477b5] Retry registration with NRF (../lib/sbi/nf-sm.c:529)
11/09 21:05:06.923: [scp] ERROR: Invalid resource name [nf-instances] (../src/scp/scp-sm.c:121)
11/09 21:05:06.923: [sbi] ERROR: [cd930f02-bda6-41f0-a6f9-99d0be1477b5] HTTP Response Status Code [400] (../lib/sbi/nf-sm.c:232)
11/09 21:05:08.925: [sbi] WARNING: [cd930f02-bda6-41f0-a6f9-99d0be1477b5] Retry registration with NRF (../lib/sbi/nf-sm.c:529)
11/09 21:05:08.925: [scp] ERROR: Invalid resource name [nf-instances] (../src/scp/scp-sm.c:121)
11/09 21:05:08.927: [sbi] ERROR: [cd930f02-bda6-41f0-a6f9-99d0be1477b5] HTTP Response Status Code [400] (../lib/sbi/nf-sm.c:232)
11/09 21:05:10.932: [sbi] WARNING: [cd930f02-bda6-41f0-a6f9-99d0be1477b5] Retry registration with NRF (../lib/sbi/nf-sm.c:529)
11/09 21:05:10.933: [scp] ERROR: Invalid resource name [nf-instances] (../src/scp/scp-sm.c:121)
11/09 21:05:10.933: [sbi] ERROR: [cd930f02-bda6-41f0-a6f9-99d0be1477b5] HTTP Response Status Code [400] (../lib/sbi/nf-sm.c:232)
11/09 21:05:12.936: [sbi] WARNING: [cd930f02-bda6-41f0-a6f9-99d0be1477b5] Retry registration with NRF (../lib/sbi/nf-sm.c:529)
11/09 21:05:12.937: [scp] ERROR: Invalid resource name [nf-instances] (../src/scp/scp-sm.c:121)
11/09 21:05:12.937: [sbi] ERROR: [cd930f02-bda6-41f0-a6f9-99d0be1477b5] HTTP Response Status Code [400] (../lib/sbi/nf-sm.c:232)
11/09 21:05:14.943: [sbi] WARNING: [cd930f02-bda6-41f0-a6f9-99d0be1477b5] Retry registration with NRF (../lib/sbi/nf-sm.c:529)
11/09 21:05:14.945: [scp] ERROR: Invalid resource name [nf-instances] (../src/scp/scp-sm.c:121)
11/09 21:05:14.945: [sbi] ERROR: [cd930f02-bda6-41f0-a6f9-99d0be1477b5] HTTP Response Status Code [400] (../lib/sbi/nf-sm.c:232)
11/09 21:05:16.949: [sbi] WARNING: [cd930f02-bda6-41f0-a6f9-99d0be1477b5] Retry registration with NRF (../lib/sbi/nf-sm.c:529)
11/09 21:05:16.950: [scp] ERROR: Invalid resource name [nf-instances] (../src/scp/scp-sm.c:121)
11/09 21:05:16.952: [sbi] ERROR: [cd930f02-bda6-41f0-a6f9-99d0be1477b5] HTTP Response Status Code [400] (../lib/sbi/nf-sm.c:232)
11/09 21:05:18.958: [sbi] WARNING: [cd930f02-bda6-41f0-a6f9-99d0be1477b5] Retry registration with NRF (../lib/sbi/nf-sm.c:529)
11/09 21:05:18.959: [scp] ERROR: Invalid resource name [nf-instances] (../src/scp/scp-sm.c:121)
11/09 21:05:18.959: [sbi] ERROR: [cd930f02-bda6-41f0-a6f9-99d0be1477b5] HTTP Response Status Code [400] (../lib/sbi/nf-sm.c:232)
11/09 21:05:20.963: [sbi] WARNING: [cd930f02-bda6-41f0-a6f9-99d0be1477b5] Retry registration with NRF (../lib/sbi/nf-sm.c:529)
11/09 21:05:20.963: [scp] ERROR: Invalid resource name [nf-instances] (../src/scp/scp-sm.c:121)
11/09 21:05:20.963: [sbi] ERROR: [cd930f02-bda6-41f0-a6f9-99d0be1477b5] HTTP Response Status Code [400] (../lib/sbi/nf-sm.c:232)
11/09 21:05:22.969: [sbi] WARNING: [cd930f02-bda6-41f0-a6f9-99d0be1477b5] Retry registration with NRF (../lib/sbi/nf-sm.c:529)
11/09 21:05:22.970: [scp] ERROR: Invalid resource name [nf-instances] (../src/scp/scp-sm.c:121)
11/09 21:05:22.971: [sbi] ERROR: [cd930f02-bda6-41f0-a6f9-99d0be1477b5] HTTP Response Status Code [400] (../lib/sbi/nf-sm.c:232)
11/09 21:05:24.973: [sbi] WARNING: [cd930f02-bda6-41f0-a6f9-99d0be1477b5] Retry registration with NRF (../lib/sbi/nf-sm.c:529)
11/09 21:05:24.973: [scp] ERROR: Invalid resource name [nf-instances] (../src/scp/scp-sm.c:121)
11/09 21:05:24.973: [sbi] ERROR: [cd930f02-bda6-41f0-a6f9-99d0be1477b5] HTTP Response Status Code [400] (../lib/sbi/nf-sm.c:232)
11/09 21:05:26.978: [sbi] WARNING: [cd930f02-bda6-41f0-a6f9-99d0be1477b5] Retry registration with NRF (../lib/sbi/nf-sm.c:529)
11/09 21:05:26.979: [scp] ERROR: Invalid resource name [nf-instances] (../src/scp/scp-sm.c:121)
11/09 21:05:26.980: [sbi] ERROR: [cd930f02-bda6-41f0-a6f9-99d0be1477b5] HTTP Response Status Code [400] (../lib/sbi/nf-sm.c:232)
11/09 21:05:28.982: [sbi] WARNING: [cd930f02-bda6-41f0-a6f9-99d0be1477b5] Retry registration with NRF (../lib/sbi/nf-sm.c:529)
11/09 21:05:28.983: [scp] ERROR: Invalid resource name [nf-instances] (../src/scp/scp-sm.c:121)
11/09 21:05:28.984: [sbi] ERROR: [cd930f02-bda6-41f0-a6f9-99d0be1477b5] HTTP Response Status Code [400] (../lib/sbi/nf-sm.c:232)
11/09 21:05:30.994: [sbi] WARNING: [cd930f02-bda6-41f0-a6f9-99d0be1477b5] Retry registration with NRF (../lib/sbi/nf-sm.c:529)
11/09 21:05:30.994: [scp] ERROR: Invalid resource name [nf-instances] (../src/scp/scp-sm.c:121)
11/09 21:05:30.994: [sbi] ERROR: [cd930f02-bda6-41f0-a6f9-99d0be1477b5] HTTP Response Status Code [400] (../lib/sbi/nf-sm.c:232)
11/09 21:05:33.002: [sbi] WARNING: [cd930f02-bda6-41f0-a6f9-99d0be1477b5] Retry registration with NRF (../lib/sbi/nf-sm.c:529)
11/09 21:05:33.004: [scp] ERROR: Invalid resource name [nf-instances] (../src/scp/scp-sm.c:121)
11/09 21:05:33.004: [sbi] ERROR: [cd930f02-bda6-41f0-a6f9-99d0be1477b5] HTTP Response Status Code [400] (../lib/sbi/nf-sm.c:232)
11/09 21:05:35.013: [sbi] WARNING: [cd930f02-bda6-41f0-a6f9-99d0be1477b5] Retry registration with NRF (../lib/sbi/nf-sm.c:529)
11/09 21:05:35.014: [scp] ERROR: Invalid resource name [nf-instances] (../src/scp/scp-sm.c:121)
11/09 21:05:35.015: [sbi] ERROR: [cd930f02-bda6-41f0-a6f9-99d0be1477b5] HTTP Response Status Code [400] (../lib/sbi/nf-sm.c:232)
11/09 21:05:37.022: [sbi] WARNING: [cd930f02-bda6-41f0-a6f9-99d0be1477b5] Retry registration with NRF (../lib/sbi/nf-sm.c:529)
11/09 21:05:37.024: [scp] ERROR: Invalid resource name [nf-instances] (../src/scp/scp-sm.c:121)
11/09 21:05:37.025: [sbi] ERROR: [cd930f02-bda6-41f0-a6f9-99d0be1477b5] HTTP Response Status Code [400] (../lib/sbi/nf-sm.c:232)
11/09 21:05:39.034: [sbi] WARNING: [cd930f02-bda6-41f0-a6f9-99d0be1477b5] Retry registration with NRF (../lib/sbi/nf-sm.c:529)
11/09 21:05:39.036: [scp] ERROR: Invalid resource name [nf-instances] (../src/scp/scp-sm.c:121)
11/09 21:05:39.037: [sbi] ERROR: [cd930f02-bda6-41f0-a6f9-99d0be1477b5] HTTP Response Status Code [400] (../lib/sbi/nf-sm.c:232)
11/09 21:05:41.049: [sbi] WARNING: [cd930f02-bda6-41f0-a6f9-99d0be1477b5] Retry registration with NRF (../lib/sbi/nf-sm.c:529)
11/09 21:05:41.051: [scp] ERROR: Invalid resource name [nf-instances] (../src/scp/scp-sm.c:121)
11/09 21:05:41.052: [sbi] ERROR: [cd930f02-bda6-41f0-a6f9-99d0be1477b5] HTTP Response Status Code [400] (../lib/sbi/nf-sm.c:232)
11/09 21:05:43.061: [sbi] WARNING: [cd930f02-bda6-41f0-a6f9-99d0be1477b5] Retry registration with NRF (../lib/sbi/nf-sm.c:529)
11/09 21:05:43.063: [scp] ERROR: Invalid resource name [nf-instances] (../src/scp/scp-sm.c:121)
11/09 21:05:43.064: [sbi] ERROR: [cd930f02-bda6-41f0-a6f9-99d0be1477b5] HTTP Response Status Code [400] (../lib/sbi/nf-sm.c:232)
11/09 21:05:45.069: [sbi] WARNING: [cd930f02-bda6-41f0-a6f9-99d0be1477b5] Retry registration with NRF (../lib/sbi/nf-sm.c:529)
11/09 21:05:45.070: [scp] ERROR: Invalid resource name [nf-instances] (../src/scp/scp-sm.c:121)
11/09 21:05:45.071: [sbi] ERROR: [cd930f02-bda6-41f0-a6f9-99d0be1477b5] HTTP Response Status Code [400] (../lib/sbi/nf-sm.c:232)
11/09 21:05:47.075: [sbi] WARNING: [cd930f02-bda6-41f0-a6f9-99d0be1477b5] Retry registration with NRF (../lib/sbi/nf-sm.c:529)
11/09 21:05:47.076: [scp] ERROR: Invalid resource name [nf-instances] (../src/scp/scp-sm.c:121)
11/09 21:05:47.078: [sbi] ERROR: [cd930f02-bda6-41f0-a6f9-99d0be1477b5] HTTP Response Status Code [400] (../lib/sbi/nf-sm.c:232)
11/09 21:05:49.079: [sbi] WARNING: [cd930f02-bda6-41f0-a6f9-99d0be1477b5] Retry registration with NRF (../lib/sbi/nf-sm.c:529)
11/09 21:05:49.081: [scp] ERROR: Invalid resource name [nf-instances] (../src/scp/scp-sm.c:121)
11/09 21:05:49.082: [sbi] ERROR: [cd930f02-bda6-41f0-a6f9-99d0be1477b5] HTTP Response Status Code [400] (../lib/sbi/nf-sm.c:232)
11/09 21:05:51.085: [sbi] WARNING: [cd930f02-bda6-41f0-a6f9-99d0be1477b5] Retry registration with NRF (../lib/sbi/nf-sm.c:529)
11/09 21:05:51.088: [scp] ERROR: Invalid resource name [nf-instances] (../src/scp/scp-sm.c:121)
11/09 21:05:51.088: [sbi] ERROR: [cd930f02-bda6-41f0-a6f9-99d0be1477b5] HTTP Response Status Code [400] (../lib/sbi/nf-sm.c:232)
11/09 21:05:53.090: [sbi] WARNING: [cd930f02-bda6-41f0-a6f9-99d0be1477b5] Retry registration with NRF (../lib/sbi/nf-sm.c:529)
11/09 21:05:53.091: [scp] ERROR: Invalid resource name [nf-instances] (../src/scp/scp-sm.c:121)
11/09 21:05:53.092: [sbi] ERROR: [cd930f02-bda6-41f0-a6f9-99d0be1477b5] HTTP Response Status Code [400] (../lib/sbi/nf-sm.c:232)
11/09 21:05:55.093: [sbi] WARNING: [cd930f02-bda6-41f0-a6f9-99d0be1477b5] Retry registration with NRF (../lib/sbi/nf-sm.c:529)
11/09 21:05:55.094: [scp] ERROR: Invalid resource name [nf-instances] (../src/scp/scp-sm.c:121)
11/09 21:05:55.095: [sbi] ERROR: [cd930f02-bda6-41f0-a6f9-99d0be1477b5] HTTP Response Status Code [400] (../lib/sbi/nf-sm.c:232)
11/09 21:05:57.100: [sbi] WARNING: [cd930f02-bda6-41f0-a6f9-99d0be1477b5] Retry registration with NRF (../lib/sbi/nf-sm.c:529)
11/09 21:05:57.101: [scp] ERROR: Invalid resource name [nf-instances] (../src/scp/scp-sm.c:121)
11/09 21:05:57.101: [sbi] ERROR: [cd930f02-bda6-41f0-a6f9-99d0be1477b5] HTTP Response Status Code [400] (../lib/sbi/nf-sm.c:232)
11/09 21:05:59.105: [sbi] WARNING: [cd930f02-bda6-41f0-a6f9-99d0be1477b5] Retry registration with NRF (../lib/sbi/nf-sm.c:529)
11/09 21:05:59.106: [scp] ERROR: Invalid resource name [nf-instances] (../src/scp/scp-sm.c:121)
11/09 21:05:59.106: [sbi] ERROR: [cd930f02-bda6-41f0-a6f9-99d0be1477b5] HTTP Response Status Code [400] (../lib/sbi/nf-sm.c:232)
Open5GS daemon v2.7.6-78-g47d0062

11/15 19:59:01.640: [app] INFO: Configuration: '/open5gs/install/etc/open5gs/scp.yaml' (../lib/app/ogs-init.c:144)
11/15 19:59:01.640: [app] INFO: File Logging: '/open5gs/install/var/log/open5gs/scp.log' (../lib/app/ogs-init.c:147)
11/15 19:59:01.640: [core] FATAL: epoll_create() failed [0] (22:Invalid argument) (../lib/core/ogs-epoll.c:78)
11/15 19:59:01.640: [core] FATAL: epoll_init: should not be reached. (../lib/core/ogs-epoll.c:80)
11/15 19:59:01.644: [core] FATAL: backtrace() returned 8 addresses (../lib/core/ogs-abort.c:37)
/open5gs/install/lib/aarch64-linux-gnu/libogscore.so.2(+0x2847c) [0xf2fd5c4f847c]
/open5gs/install/lib/aarch64-linux-gnu/libogscore.so.2(ogs_pollset_create+0x3b8) [0xf2fd5c4ec15c]
/open5gs/install/lib/aarch64-linux-gnu/libogsapp.so.2(ogs_app_initialize+0x63c) [0xf2fd5c40e620]
./open5gs-scpd(+0x4334) [0xb971d8884334]
/lib/aarch64-linux-gnu/libc.so.6(+0x27400) [0xf2fd5bb97400]
/lib/aarch64-linux-gnu/libc.so.6(__libc_start_main+0x98) [0xf2fd5bb974d8]
./open5gs-scpd(+0x3930) [0xb971d8883930]
Open5GS daemon v2.7.6-78-g47d0062

11/15 20:02:50.135: [app] INFO: Configuration: '/open5gs/install/etc/open5gs/scp.yaml' (../lib/app/ogs-init.c:144)
11/15 20:02:50.135: [app] INFO: File Logging: '/open5gs/install/var/log/open5gs/scp.log' (../lib/app/ogs-init.c:147)
11/15 20:02:50.135: [core] FATAL: epoll_create() failed [0] (22:Invalid argument) (../lib/core/ogs-epoll.c:78)
11/15 20:02:50.135: [core] FATAL: epoll_init: should not be reached. (../lib/core/ogs-epoll.c:80)
11/15 20:02:50.136: [core] FATAL: backtrace() returned 8 addresses (../lib/core/ogs-abort.c:37)
/open5gs/install/lib/aarch64-linux-gnu/libogscore.so.2(+0x2847c) [0xe40252aa847c]
/open5gs/install/lib/aarch64-linux-gnu/libogscore.so.2(ogs_pollset_create+0x3b8) [0xe40252a9c15c]
/open5gs/install/lib/aarch64-linux-gnu/libogsapp.so.2(ogs_app_initialize+0x63c) [0xe402529be620]
./open5gs-scpd(+0x4334) [0xb3b193ef4334]
/lib/aarch64-linux-gnu/libc.so.6(+0x27400) [0xe40252147400]
/lib/aarch64-linux-gnu/libc.so.6(__libc_start_main+0x98) [0xe402521474d8]
./open5gs-scpd(+0x3930) [0xb3b193ef3930]
Open5GS daemon v2.7.6-78-g47d0062

11/15 20:05:12.282: [app] INFO: Configuration: '/open5gs/install/etc/open5gs/scp.yaml' (../lib/app/ogs-init.c:144)
11/15 20:05:12.282: [app] INFO: File Logging: '/open5gs/install/var/log/open5gs/scp.log' (../lib/app/ogs-init.c:147)
11/15 20:05:12.282: [core] FATAL: epoll_create() failed [0] (22:Invalid argument) (../lib/core/ogs-epoll.c:78)
11/15 20:05:12.282: [core] FATAL: epoll_init: should not be reached. (../lib/core/ogs-epoll.c:80)
11/15 20:05:12.283: [core] FATAL: backtrace() returned 8 addresses (../lib/core/ogs-abort.c:37)
/open5gs/install/lib/aarch64-linux-gnu/libogscore.so.2(+0x2847c) [0xebe3e074847c]
/open5gs/install/lib/aarch64-linux-gnu/libogscore.so.2(ogs_pollset_create+0x3b8) [0xebe3e073c15c]
/open5gs/install/lib/aarch64-linux-gnu/libogsapp.so.2(ogs_app_initialize+0x63c) [0xebe3e065e620]
./open5gs-scpd(+0x4334) [0xc9fc64794334]
/lib/aarch64-linux-gnu/libc.so.6(+0x27400) [0xebe3dfde7400]
/lib/aarch64-linux-gnu/libc.so.6(__libc_start_main+0x98) [0xebe3dfde74d8]
./open5gs-scpd(+0x3930) [0xc9fc64793930]
Open5GS daemon v2.7.6-78-g47d0062

11/15 20:16:04.705: [app] INFO: Configuration: '/open5gs/install/etc/open5gs/scp.yaml' (../lib/app/ogs-init.c:144)
11/15 20:16:04.705: [app] INFO: File Logging: '/open5gs/install/var/log/open5gs/scp.log' (../lib/app/ogs-init.c:147)
11/15 20:16:04.705: [core] FATAL: epoll_create() failed [0] (22:Invalid argument) (../lib/core/ogs-epoll.c:78)
11/15 20:16:04.705: [core] FATAL: epoll_init: should not be reached. (../lib/core/ogs-epoll.c:80)
11/15 20:16:04.706: [core] FATAL: backtrace() returned 8 addresses (../lib/core/ogs-abort.c:37)
/open5gs/install/lib/aarch64-linux-gnu/libogscore.so.2(+0x2847c) [0xfb71222e847c]
/open5gs/install/lib/aarch64-linux-gnu/libogscore.so.2(ogs_pollset_create+0x3b8) [0xfb71222dc15c]
/open5gs/install/lib/aarch64-linux-gnu/libogsapp.so.2(ogs_app_initialize+0x63c) [0xfb71221fe620]
./open5gs-scpd(+0x4334) [0xc49834b14334]
/lib/aarch64-linux-gnu/libc.so.6(+0x27400) [0xfb7121987400]
/lib/aarch64-linux-gnu/libc.so.6(__libc_start_main+0x98) [0xfb71219874d8]
./open5gs-scpd(+0x3930) [0xc49834b13930]
Open5GS daemon v2.7.6-78-g47d0062

11/16 13:56:48.297: [app] INFO: Configuration: '/open5gs/install/etc/open5gs/scp.yaml' (../lib/app/ogs-init.c:144)
11/16 13:56:48.297: [app] INFO: File Logging: '/open5gs/install/var/log/open5gs/scp.log' (../lib/app/ogs-init.c:147)
11/16 13:56:48.297: [core] FATAL: epoll_create() failed [0] (22:Invalid argument) (../lib/core/ogs-epoll.c:78)
11/16 13:56:48.297: [core] FATAL: epoll_init: should not be reached. (../lib/core/ogs-epoll.c:80)
11/16 13:56:48.297: [core] FATAL: backtrace() returned 8 addresses (../lib/core/ogs-abort.c:37)
/open5gs/install/lib/aarch64-linux-gnu/libogscore.so.2(+0x2847c) [0xe28b40ab847c]
/open5gs/install/lib/aarch64-linux-gnu/libogscore.so.2(ogs_pollset_create+0x3b8) [0xe28b40aac15c]
/open5gs/install/lib/aarch64-linux-gnu/libogsapp.so.2(ogs_app_initialize+0x63c) [0xe28b409ce620]
./open5gs-scpd(+0x4334) [0xb59568cc4334]
/lib/aarch64-linux-gnu/libc.so.6(+0x27400) [0xe28b40157400]
/lib/aarch64-linux-gnu/libc.so.6(__libc_start_main+0x98) [0xe28b401574d8]
./open5gs-scpd(+0x3930) [0xb59568cc3930]
Open5GS daemon v2.7.6-78-g47d0062

11/16 16:44:00.855: [app] INFO: Configuration: '/open5gs/install/etc/open5gs/scp.yaml' (../lib/app/ogs-init.c:144)
11/16 16:44:00.855: [app] INFO: File Logging: '/open5gs/install/var/log/open5gs/scp.log' (../lib/app/ogs-init.c:147)
11/16 16:44:00.855: [core] FATAL: epoll_create() failed [0] (22:Invalid argument) (../lib/core/ogs-epoll.c:78)
11/16 16:44:00.855: [core] FATAL: epoll_init: should not be reached. (../lib/core/ogs-epoll.c:80)
11/16 16:44:00.856: [core] FATAL: backtrace() returned 8 addresses (../lib/core/ogs-abort.c:37)
/open5gs/install/lib/aarch64-linux-gnu/libogscore.so.2(+0x2847c) [0xe0618a02847c]
/open5gs/install/lib/aarch64-linux-gnu/libogscore.so.2(ogs_pollset_create+0x3b8) [0xe0618a01c15c]
/open5gs/install/lib/aarch64-linux-gnu/libogsapp.so.2(ogs_app_initialize+0x63c) [0xe06189f3e620]
./open5gs-scpd(+0x4334) [0xba6616134334]
/lib/aarch64-linux-gnu/libc.so.6(+0x27400) [0xe061896c7400]
/lib/aarch64-linux-gnu/libc.so.6(__libc_start_main+0x98) [0xe061896c74d8]
./open5gs-scpd(+0x3930) [0xba6616133930]
Open5GS daemon v2.7.6-78-g47d0062

11/16 16:48:41.684: [app] INFO: Configuration: '/open5gs/install/etc/open5gs/scp.yaml' (../lib/app/ogs-init.c:144)
11/16 16:48:41.684: [app] INFO: File Logging: '/open5gs/install/var/log/open5gs/scp.log' (../lib/app/ogs-init.c:147)
11/16 16:48:41.684: [core] FATAL: epoll_create() failed [0] (22:Invalid argument) (../lib/core/ogs-epoll.c:78)
11/16 16:48:41.684: [core] FATAL: epoll_init: should not be reached. (../lib/core/ogs-epoll.c:80)
11/16 16:48:41.684: [core] FATAL: backtrace() returned 8 addresses (../lib/core/ogs-abort.c:37)
/open5gs/install/lib/aarch64-linux-gnu/libogscore.so.2(+0x2847c) [0xf2c0d048847c]
/open5gs/install/lib/aarch64-linux-gnu/libogscore.so.2(ogs_pollset_create+0x3b8) [0xf2c0d047c15c]
/open5gs/install/lib/aarch64-linux-gnu/libogsapp.so.2(ogs_app_initialize+0x63c) [0xf2c0d039e620]
./open5gs-scpd(+0x4334) [0xc9ff86304334]
/lib/aarch64-linux-gnu/libc.so.6(+0x27400) [0xf2c0cfb27400]
/lib/aarch64-linux-gnu/libc.so.6(__libc_start_main+0x98) [0xf2c0cfb274d8]
./open5gs-scpd(+0x3930) [0xc9ff86303930]
